------------------------------------------------------------------------------------------------------------------------

[2022-10-27 11:26:08 #1 store] 
Database 'C:\Users\User\Desktop\IS-2 proiektua\p\src\main\resources\bets.temp' has been recovered (tr. 239-252)

[2022-10-27 11:26:08 #2 store] 
Database 'C:\Users\User\Desktop\IS-2 proiektua\p\src\main\resources\bets.temp' is opened by 15020@DESKTOP-14FE82R

[2022-10-27 11:26:09 #3 type] 
Type domain.Team is not enhanced.

[2022-10-27 11:26:09 #4 type] 
Type domain.Event is not enhanced.

[2022-10-27 11:26:09 #5 type] 
Type domain.User is not enhanced.

[2022-10-27 11:26:09 #6 type] 
Type domain.Registered is not enhanced.

[2022-10-27 11:26:09 #7 type] 
Type domain.Sport is not enhanced.

[2022-10-27 11:26:09 #8 type] 
Type domain.Question is not enhanced.

[2022-10-27 11:26:09 #9 type] 
Type domain.Elkarrizketa is not enhanced.

[2022-10-27 11:26:09 #10 type] 
Type domain.Message is not enhanced.

[2022-10-27 11:26:09 #11 type] 
Type domain.KirolEstatistikak is not enhanced.

[2022-10-27 11:26:09 #12 type] 
Type domain.Jarraitzailea is not enhanced.

[2022-10-27 11:26:09 #13 type] 
Type domain.ApustuAnitza is not enhanced.

[2022-10-27 11:26:09 #14 type] 
Type domain.Transaction is not enhanced.

[2022-10-27 11:26:09 #15 type] 
Type domain.Quote is not enhanced.

[2022-10-27 11:26:09 #16 type] 
Type domain.Apustua is not enhanced.

[2022-10-27 11:26:09 #17 type] 
Type domain.Admin is not enhanced.

------------------------------------------------------------------------------------------------------------------------

[2022-10-27 11:28:53 #1 store] 
Database 'C:\Users\User\Desktop\IS-2 proiektua\p\src\main\resources\bets.temp' has been recovered (tr. 253-273)

[2022-10-27 11:28:53 #2 store] 
Database 'C:\Users\User\Desktop\IS-2 proiektua\p\src\main\resources\bets.temp' is opened by 11228@DESKTOP-14FE82R

[2022-10-27 11:28:54 #3 type] 
Type domain.Team is not enhanced.

[2022-10-27 11:28:54 #4 type] 
Type domain.Event is not enhanced.

[2022-10-27 11:28:54 #5 type] 
Type domain.User is not enhanced.

[2022-10-27 11:28:54 #6 type] 
Type domain.Registered is not enhanced.

[2022-10-27 11:28:54 #7 type] 
Type domain.Sport is not enhanced.

[2022-10-27 11:28:54 #8 type] 
Type domain.Question is not enhanced.

[2022-10-27 11:28:54 #9 type] 
Type domain.Elkarrizketa is not enhanced.

[2022-10-27 11:28:54 #10 type] 
Type domain.Message is not enhanced.

[2022-10-27 11:28:54 #11 type] 
Type domain.KirolEstatistikak is not enhanced.

[2022-10-27 11:28:54 #12 type] 
Type domain.Jarraitzailea is not enhanced.

[2022-10-27 11:28:54 #13 type] 
Type domain.ApustuAnitza is not enhanced.

[2022-10-27 11:28:54 #14 type] 
Type domain.Transaction is not enhanced.

[2022-10-27 11:28:54 #15 type] 
Type domain.Quote is not enhanced.

[2022-10-27 11:28:54 #16 type] 
Type domain.Apustua is not enhanced.

[2022-10-27 11:28:54 #17 type] 
Type domain.Admin is not enhanced.

