------------------------------------------------------------------------------------------------------------------------

[2022-10-18 17:59:40 #1 store] 
Database 'C:\Users\User\Desktop\pr2\IS-2_Proyecto_entrega\Bets21\src\main\resources\bets.temp' has been recovered (tr. 86-90)

[2022-10-18 17:59:40 #2 store] 
Database 'C:\Users\User\Desktop\pr2\IS-2_Proyecto_entrega\Bets21\src\main\resources\bets.temp' is opened by 10076@DESKTOP-14FE82R

[2022-10-18 17:59:40 #3 type] 
Type domain.Team is not enhanced.

[2022-10-18 17:59:40 #4 type] 
Type domain.Event is not enhanced.

[2022-10-18 17:59:40 #5 type] 
Type domain.User is not enhanced.

[2022-10-18 17:59:40 #6 type] 
Type domain.Registered is not enhanced.

[2022-10-18 17:59:40 #7 type] 
Type domain.Sport is not enhanced.

[2022-10-18 17:59:40 #8 type] 
Type domain.Question is not enhanced.

[2022-10-18 17:59:40 #9 type] 
Type domain.Elkarrizketa is not enhanced.

[2022-10-18 17:59:40 #10 type.registry] 
New type domain.Participantes

[2022-10-18 17:59:40 #11 type] 
Type domain.Message is not enhanced.

[2022-10-18 17:59:40 #12 type] 
Type domain.KirolEstatistikak is not enhanced.

[2022-10-18 17:59:40 #13 type] 
Type domain.Jarraitzailea is not enhanced.

[2022-10-18 17:59:40 #14 type] 
Type domain.ApustuAnitza is not enhanced.

[2022-10-18 17:59:40 #15 type] 
Type domain.Transaction is not enhanced.

[2022-10-18 17:59:40 #16 type] 
Type domain.Quote is not enhanced.

[2022-10-18 17:59:40 #17 type] 
Type domain.Apustua is not enhanced.

[2022-10-18 17:59:40 #18 type] 
Type domain.Admin is not enhanced.

[2022-10-18 17:59:40 #19 type.registry] 
New type domain.Participantes

[2022-10-18 17:59:40 #20 type.registry] 
New type domain.Participantes

[2022-10-18 17:59:40 #21 type.registry] 
New type domain.Participantes

[2022-10-18 17:59:40 #22 type.registry] 
New type domain.Participantes

[2022-10-18 17:59:40 #23 type.registry] 
New type domain.Participantes

------------------------------------------------------------------------------------------------------------------------

[2022-10-18 18:00:06 #1 store] 
Database 'C:\Users\User\Desktop\pr2\IS-2_Proyecto_entrega\Bets21\src\main\resources\bets.temp' is opened by 9700@DESKTOP-14FE82R

[2022-10-18 18:00:06 #2 type] 
Type domain.Team is not enhanced.

[2022-10-18 18:00:06 #3 type] 
Type domain.Event is not enhanced.

[2022-10-18 18:00:06 #4 type] 
Type domain.User is not enhanced.

[2022-10-18 18:00:06 #5 type] 
Type domain.Registered is not enhanced.

[2022-10-18 18:00:06 #6 type] 
Type domain.Sport is not enhanced.

[2022-10-18 18:00:06 #7 type] 
Type domain.Question is not enhanced.

[2022-10-18 18:00:06 #8 type] 
Type domain.Elkarrizketa is not enhanced.

[2022-10-18 18:00:06 #9 type.registry] 
New type domain.Participantes

[2022-10-18 18:00:06 #10 type] 
Type domain.Message is not enhanced.

[2022-10-18 18:00:06 #11 type] 
Type domain.KirolEstatistikak is not enhanced.

[2022-10-18 18:00:06 #12 type] 
Type domain.Jarraitzailea is not enhanced.

[2022-10-18 18:00:06 #13 type] 
Type domain.ApustuAnitza is not enhanced.

[2022-10-18 18:00:06 #14 type] 
Type domain.Transaction is not enhanced.

[2022-10-18 18:00:06 #15 type] 
Type domain.Quote is not enhanced.

[2022-10-18 18:00:06 #16 type] 
Type domain.Apustua is not enhanced.

[2022-10-18 18:00:06 #17 type] 
Type domain.Admin is not enhanced.

------------------------------------------------------------------------------------------------------------------------

[2022-10-18 18:00:23 #1 store] 
Database 'C:\Users\User\Desktop\pr2\IS-2_Proyecto_entrega\Bets21\src\main\resources\bets.temp' is opened by 11368@DESKTOP-14FE82R

[2022-10-18 18:00:23 #2 type] 
Type domain.Team is not enhanced.

[2022-10-18 18:00:23 #3 type] 
Type domain.Event is not enhanced.

[2022-10-18 18:00:23 #4 type] 
Type domain.User is not enhanced.

[2022-10-18 18:00:23 #5 type] 
Type domain.Registered is not enhanced.

[2022-10-18 18:00:23 #6 type] 
Type domain.Sport is not enhanced.

[2022-10-18 18:00:23 #7 type] 
Type domain.Question is not enhanced.

[2022-10-18 18:00:23 #8 type] 
Type domain.Elkarrizketa is not enhanced.

[2022-10-18 18:00:23 #9 type.registry] 
New type domain.Participantes

[2022-10-18 18:00:23 #10 type] 
Type domain.Message is not enhanced.

[2022-10-18 18:00:23 #11 type] 
Type domain.KirolEstatistikak is not enhanced.

[2022-10-18 18:00:23 #12 type] 
Type domain.Jarraitzailea is not enhanced.

[2022-10-18 18:00:23 #13 type] 
Type domain.ApustuAnitza is not enhanced.

[2022-10-18 18:00:23 #14 type] 
Type domain.Transaction is not enhanced.

[2022-10-18 18:00:23 #15 type] 
Type domain.Quote is not enhanced.

[2022-10-18 18:00:23 #16 type] 
Type domain.Apustua is not enhanced.

[2022-10-18 18:00:23 #17 type] 
Type domain.Admin is not enhanced.

------------------------------------------------------------------------------------------------------------------------

[2022-10-18 18:00:33 #1 store] 
Database 'C:\Users\User\Desktop\pr2\IS-2_Proyecto_entrega\Bets21\src\main\resources\bets.temp' is opened by 13304@DESKTOP-14FE82R

[2022-10-18 18:00:33 #2 type] 
Type domain.Team is not enhanced.

[2022-10-18 18:00:33 #3 type] 
Type domain.Event is not enhanced.

[2022-10-18 18:00:33 #4 type] 
Type domain.User is not enhanced.

[2022-10-18 18:00:33 #5 type] 
Type domain.Registered is not enhanced.

[2022-10-18 18:00:33 #6 type] 
Type domain.Sport is not enhanced.

[2022-10-18 18:00:33 #7 type] 
Type domain.Question is not enhanced.

[2022-10-18 18:00:33 #8 type] 
Type domain.Elkarrizketa is not enhanced.

[2022-10-18 18:00:33 #9 type.registry] 
New type domain.Participantes

[2022-10-18 18:00:33 #10 type] 
Type domain.Message is not enhanced.

[2022-10-18 18:00:33 #11 type] 
Type domain.KirolEstatistikak is not enhanced.

[2022-10-18 18:00:33 #12 type] 
Type domain.Jarraitzailea is not enhanced.

[2022-10-18 18:00:33 #13 type] 
Type domain.ApustuAnitza is not enhanced.

[2022-10-18 18:00:33 #14 type] 
Type domain.Transaction is not enhanced.

[2022-10-18 18:00:33 #15 type] 
Type domain.Quote is not enhanced.

[2022-10-18 18:00:33 #16 type] 
Type domain.Apustua is not enhanced.

[2022-10-18 18:00:33 #17 type] 
Type domain.Admin is not enhanced.

------------------------------------------------------------------------------------------------------------------------

[2022-10-18 18:01:00 #1 store] 
Database 'C:\Users\User\Desktop\pr2\IS-2_Proyecto_entrega\Bets21\src\main\resources\bets.temp' is opened by 7764@DESKTOP-14FE82R

[2022-10-18 18:01:00 #2 type] 
Type domain.Team is not enhanced.

[2022-10-18 18:01:00 #3 type] 
Type domain.Event is not enhanced.

[2022-10-18 18:01:00 #4 type] 
Type domain.User is not enhanced.

[2022-10-18 18:01:00 #5 type] 
Type domain.Registered is not enhanced.

[2022-10-18 18:01:00 #6 type] 
Type domain.Sport is not enhanced.

[2022-10-18 18:01:00 #7 type] 
Type domain.Question is not enhanced.

[2022-10-18 18:01:00 #8 type] 
Type domain.Elkarrizketa is not enhanced.

[2022-10-18 18:01:00 #9 type.registry] 
New type domain.Participantes

[2022-10-18 18:01:00 #10 type] 
Type domain.Message is not enhanced.

[2022-10-18 18:01:00 #11 type] 
Type domain.KirolEstatistikak is not enhanced.

[2022-10-18 18:01:00 #12 type] 
Type domain.Jarraitzailea is not enhanced.

[2022-10-18 18:01:00 #13 type] 
Type domain.ApustuAnitza is not enhanced.

[2022-10-18 18:01:00 #14 type] 
Type domain.Transaction is not enhanced.

[2022-10-18 18:01:00 #15 type] 
Type domain.Quote is not enhanced.

[2022-10-18 18:01:00 #16 type] 
Type domain.Apustua is not enhanced.

[2022-10-18 18:01:00 #17 type] 
Type domain.Admin is not enhanced.

------------------------------------------------------------------------------------------------------------------------

[2022-10-18 18:01:24 #1 store] 
Database 'C:\Users\User\Desktop\pr2\IS-2_Proyecto_entrega\Bets21\src\main\resources\bets.temp' is opened by 4188@DESKTOP-14FE82R

[2022-10-18 18:01:24 #2 type] 
Type domain.Team is not enhanced.

[2022-10-18 18:01:24 #3 type] 
Type domain.Event is not enhanced.

[2022-10-18 18:01:24 #4 type] 
Type domain.User is not enhanced.

[2022-10-18 18:01:24 #5 type] 
Type domain.Registered is not enhanced.

[2022-10-18 18:01:24 #6 type] 
Type domain.Sport is not enhanced.

[2022-10-18 18:01:24 #7 type] 
Type domain.Question is not enhanced.

[2022-10-18 18:01:24 #8 type] 
Type domain.Elkarrizketa is not enhanced.

[2022-10-18 18:01:24 #9 type.registry] 
New type domain.Participantes

[2022-10-18 18:01:24 #10 type] 
Type domain.Message is not enhanced.

[2022-10-18 18:01:24 #11 type] 
Type domain.KirolEstatistikak is not enhanced.

[2022-10-18 18:01:24 #12 type] 
Type domain.Jarraitzailea is not enhanced.

[2022-10-18 18:01:24 #13 type] 
Type domain.ApustuAnitza is not enhanced.

[2022-10-18 18:01:24 #14 type] 
Type domain.Transaction is not enhanced.

[2022-10-18 18:01:24 #15 type] 
Type domain.Quote is not enhanced.

[2022-10-18 18:01:24 #16 type] 
Type domain.Apustua is not enhanced.

[2022-10-18 18:01:24 #17 type] 
Type domain.Admin is not enhanced.

------------------------------------------------------------------------------------------------------------------------

[2022-10-18 18:02:09 #1 store] 
Database 'C:\Users\User\Desktop\pr2\IS-2_Proyecto_entrega\Bets21\src\main\resources\bets.temp' is opened by 2148@DESKTOP-14FE82R

[2022-10-18 18:02:09 #2 type.registry] 
New type domain.Team

[2022-10-18 18:02:09 #3 type] 
Type domain.Team is not enhanced.

[2022-10-18 18:02:09 #4 type.registry] 
New type domain.Event

[2022-10-18 18:02:09 #5 type.registry] 
New type java.util.Vector<domain.Event>

[2022-10-18 18:02:09 #6 type.registry] 
New type domain.User

[2022-10-18 18:02:09 #7 type.registry] 
New type domain.Registered

[2022-10-18 18:02:09 #8 type.registry] 
New type java.util.Vector<domain.Registered>

[2022-10-18 18:02:09 #9 type] 
Type domain.Event is not enhanced.

[2022-10-18 18:02:09 #10 type.registry] 
New type domain.Sport

[2022-10-18 18:02:09 #11 type.registry] 
New type domain.Question

[2022-10-18 18:02:09 #12 type.registry] 
New type java.util.Vector<domain.Question>

[2022-10-18 18:02:09 #13 type] 
Type domain.User is not enhanced.

[2022-10-18 18:02:09 #14 type.registry] 
New type domain.Elkarrizketa

[2022-10-18 18:02:09 #15 type.registry] 
New type java.util.Vector<domain.Elkarrizketa>

[2022-10-18 18:02:09 #16 type.registry] 
New type domain.Message

[2022-10-18 18:02:09 #17 type.registry] 
New type java.util.Vector<domain.Message>

[2022-10-18 18:02:09 #18 type] 
Type domain.Registered is not enhanced.

[2022-10-18 18:02:09 #19 type.registry] 
New type domain.KirolEstatistikak

[2022-10-18 18:02:09 #20 type.registry] 
New type java.util.Vector<domain.KirolEstatistikak>

[2022-10-18 18:02:09 #21 type.registry] 
New type domain.Jarraitzailea

[2022-10-18 18:02:09 #22 type.registry] 
New type java.util.Vector<domain.Jarraitzailea>

[2022-10-18 18:02:09 #23 type.registry] 
New type domain.ApustuAnitza

[2022-10-18 18:02:09 #24 type.registry] 
New type java.util.Vector<domain.ApustuAnitza>

[2022-10-18 18:02:09 #25 type.registry] 
New type domain.Transaction

[2022-10-18 18:02:09 #26 type.registry] 
New type java.util.Vector<domain.Transaction>

[2022-10-18 18:02:09 #27 type] 
Type domain.Sport is not enhanced.

[2022-10-18 18:02:09 #28 type] 
Type domain.Question is not enhanced.

[2022-10-18 18:02:09 #29 type.registry] 
New type domain.Quote

[2022-10-18 18:02:09 #30 type.registry] 
New type java.util.Vector<domain.Quote>

[2022-10-18 18:02:09 #31 type] 
Type domain.Elkarrizketa is not enhanced.

[2022-10-18 18:02:09 #32 type.registry] 
New type domain.Participantes

[2022-10-18 18:02:09 #33 type] 
Type domain.Message is not enhanced.

[2022-10-18 18:02:09 #34 type] 
Type domain.KirolEstatistikak is not enhanced.

[2022-10-18 18:02:09 #35 type] 
Type domain.Jarraitzailea is not enhanced.

[2022-10-18 18:02:09 #36 type] 
Type domain.ApustuAnitza is not enhanced.

[2022-10-18 18:02:09 #37 type.registry] 
New type domain.Apustua

[2022-10-18 18:02:09 #38 type.registry] 
New type java.util.Vector<domain.Apustua>

[2022-10-18 18:02:09 #39 type] 
Type domain.Transaction is not enhanced.

[2022-10-18 18:02:09 #40 type] 
Type domain.Quote is not enhanced.

[2022-10-18 18:02:09 #41 type] 
Type domain.Apustua is not enhanced.

------------------------------------------------------------------------------------------------------------------------

[2022-10-18 18:39:47 #1 store] 
Database 'C:\Users\User\Desktop\pr2\IS-2_Proyecto_entrega\Bets21\src\main\resources\bets.temp' is opened by 5636@DESKTOP-14FE82R

[2022-10-18 18:39:47 #2 type.registry] 
New type domain.Team

[2022-10-18 18:39:47 #3 type] 
Type domain.Team is not enhanced.

[2022-10-18 18:39:47 #4 type.registry] 
New type domain.Event

[2022-10-18 18:39:47 #5 type.registry] 
New type java.util.Vector<domain.Event>

[2022-10-18 18:39:47 #6 type.registry] 
New type domain.User

[2022-10-18 18:39:47 #7 type.registry] 
New type domain.Registered

[2022-10-18 18:39:47 #8 type.registry] 
New type java.util.Vector<domain.Registered>

[2022-10-18 18:39:47 #9 type] 
Type domain.Event is not enhanced.

[2022-10-18 18:39:47 #10 type.registry] 
New type domain.Sport

[2022-10-18 18:39:47 #11 type.registry] 
New type domain.Question

[2022-10-18 18:39:47 #12 type.registry] 
New type java.util.Vector<domain.Question>

[2022-10-18 18:39:47 #13 type] 
Type domain.User is not enhanced.

[2022-10-18 18:39:47 #14 type.registry] 
New type domain.Elkarrizketa

[2022-10-18 18:39:47 #15 type.registry] 
New type java.util.Vector<domain.Elkarrizketa>

[2022-10-18 18:39:47 #16 type.registry] 
New type domain.Message

[2022-10-18 18:39:47 #17 type.registry] 
New type java.util.Vector<domain.Message>

[2022-10-18 18:39:47 #18 type] 
Type domain.Registered is not enhanced.

[2022-10-18 18:39:47 #19 type.registry] 
New type domain.KirolEstatistikak

[2022-10-18 18:39:47 #20 type.registry] 
New type java.util.Vector<domain.KirolEstatistikak>

[2022-10-18 18:39:47 #21 type.registry] 
New type domain.Jarraitzailea

[2022-10-18 18:39:47 #22 type.registry] 
New type java.util.Vector<domain.Jarraitzailea>

[2022-10-18 18:39:47 #23 type.registry] 
New type domain.ApustuAnitza

[2022-10-18 18:39:47 #24 type.registry] 
New type java.util.Vector<domain.ApustuAnitza>

[2022-10-18 18:39:47 #25 type.registry] 
New type domain.Transaction

[2022-10-18 18:39:47 #26 type.registry] 
New type java.util.Vector<domain.Transaction>

[2022-10-18 18:39:47 #27 type] 
Type domain.Sport is not enhanced.

[2022-10-18 18:39:47 #28 type] 
Type domain.Question is not enhanced.

[2022-10-18 18:39:47 #29 type.registry] 
New type domain.Quote

[2022-10-18 18:39:47 #30 type.registry] 
New type java.util.Vector<domain.Quote>

[2022-10-18 18:39:47 #31 type] 
Type domain.Elkarrizketa is not enhanced.

[2022-10-18 18:39:47 #32 type.registry] 
New type domain.Participantes

[2022-10-18 18:39:47 #33 type] 
Type domain.Message is not enhanced.

[2022-10-18 18:39:47 #34 type] 
Type domain.KirolEstatistikak is not enhanced.

[2022-10-18 18:39:47 #35 type] 
Type domain.Jarraitzailea is not enhanced.

[2022-10-18 18:39:47 #36 type] 
Type domain.ApustuAnitza is not enhanced.

[2022-10-18 18:39:47 #37 type.registry] 
New type domain.Apustua

[2022-10-18 18:39:47 #38 type.registry] 
New type java.util.Vector<domain.Apustua>

[2022-10-18 18:39:47 #39 type] 
Type domain.Transaction is not enhanced.

[2022-10-18 18:39:47 #40 type] 
Type domain.Quote is not enhanced.

[2022-10-18 18:39:47 #41 type] 
Type domain.Apustua is not enhanced.

------------------------------------------------------------------------------------------------------------------------

[2022-10-18 18:40:01 #1 store] 
Database 'C:\Users\User\Desktop\pr2\IS-2_Proyecto_entrega\Bets21\src\main\resources\bets.temp' is opened by 6400@DESKTOP-14FE82R

[2022-10-18 18:40:02 #2 type.registry] 
New type domain.Team

[2022-10-18 18:40:02 #3 type] 
Type domain.Team is not enhanced.

[2022-10-18 18:40:02 #4 type.registry] 
New type domain.Event

[2022-10-18 18:40:02 #5 type.registry] 
New type java.util.Vector<domain.Event>

[2022-10-18 18:40:02 #6 type.registry] 
New type domain.User

[2022-10-18 18:40:02 #7 type.registry] 
New type domain.Registered

[2022-10-18 18:40:02 #8 type.registry] 
New type java.util.Vector<domain.Registered>

[2022-10-18 18:40:02 #9 type] 
Type domain.Event is not enhanced.

[2022-10-18 18:40:02 #10 type.registry] 
New type domain.Sport

[2022-10-18 18:40:02 #11 type.registry] 
New type domain.Question

[2022-10-18 18:40:02 #12 type.registry] 
New type java.util.Vector<domain.Question>

[2022-10-18 18:40:02 #13 type] 
Type domain.User is not enhanced.

[2022-10-18 18:40:02 #14 type.registry] 
New type domain.Elkarrizketa

[2022-10-18 18:40:02 #15 type.registry] 
New type java.util.Vector<domain.Elkarrizketa>

[2022-10-18 18:40:02 #16 type.registry] 
New type domain.Message

[2022-10-18 18:40:02 #17 type.registry] 
New type java.util.Vector<domain.Message>

[2022-10-18 18:40:02 #18 type] 
Type domain.Registered is not enhanced.

[2022-10-18 18:40:02 #19 type.registry] 
New type domain.KirolEstatistikak

[2022-10-18 18:40:02 #20 type.registry] 
New type java.util.Vector<domain.KirolEstatistikak>

[2022-10-18 18:40:02 #21 type.registry] 
New type domain.Jarraitzailea

[2022-10-18 18:40:02 #22 type.registry] 
New type java.util.Vector<domain.Jarraitzailea>

[2022-10-18 18:40:02 #23 type.registry] 
New type domain.ApustuAnitza

[2022-10-18 18:40:02 #24 type.registry] 
New type java.util.Vector<domain.ApustuAnitza>

[2022-10-18 18:40:02 #25 type.registry] 
New type domain.Transaction

[2022-10-18 18:40:02 #26 type.registry] 
New type java.util.Vector<domain.Transaction>

[2022-10-18 18:40:02 #27 type] 
Type domain.Sport is not enhanced.

[2022-10-18 18:40:02 #28 type] 
Type domain.Question is not enhanced.

[2022-10-18 18:40:02 #29 type.registry] 
New type domain.Quote

[2022-10-18 18:40:02 #30 type.registry] 
New type java.util.Vector<domain.Quote>

[2022-10-18 18:40:02 #31 type] 
Type domain.Elkarrizketa is not enhanced.

[2022-10-18 18:40:02 #32 type.registry] 
New type domain.Participantes

[2022-10-18 18:40:02 #33 type] 
Type domain.Message is not enhanced.

[2022-10-18 18:40:02 #34 type] 
Type domain.KirolEstatistikak is not enhanced.

[2022-10-18 18:40:02 #35 type] 
Type domain.Jarraitzailea is not enhanced.

[2022-10-18 18:40:02 #36 type] 
Type domain.ApustuAnitza is not enhanced.

[2022-10-18 18:40:02 #37 type.registry] 
New type domain.Apustua

[2022-10-18 18:40:02 #38 type.registry] 
New type java.util.Vector<domain.Apustua>

[2022-10-18 18:40:02 #39 type] 
Type domain.Transaction is not enhanced.

[2022-10-18 18:40:02 #40 type] 
Type domain.Quote is not enhanced.

[2022-10-18 18:40:02 #41 type] 
Type domain.Apustua is not enhanced.

------------------------------------------------------------------------------------------------------------------------

[2022-10-18 18:48:02 #1 store] 
Database 'C:\Users\User\Desktop\pr2\IS-2_Proyecto_entrega\Bets21\src\main\resources\bets.temp' is opened by 15044@DESKTOP-14FE82R

[2022-10-18 18:48:02 #2 type.registry] 
New type domain.Team

[2022-10-18 18:48:02 #3 type] 
Type domain.Team is not enhanced.

[2022-10-18 18:48:02 #4 type.registry] 
New type domain.Event

[2022-10-18 18:48:02 #5 type.registry] 
New type java.util.Vector<domain.Event>

[2022-10-18 18:48:02 #6 type.registry] 
New type domain.User

[2022-10-18 18:48:02 #7 type.registry] 
New type domain.Registered

[2022-10-18 18:48:02 #8 type.registry] 
New type java.util.Vector<domain.Registered>

[2022-10-18 18:48:02 #9 type] 
Type domain.Event is not enhanced.

[2022-10-18 18:48:02 #10 type.registry] 
New type domain.Sport

[2022-10-18 18:48:02 #11 type.registry] 
New type domain.Question

[2022-10-18 18:48:02 #12 type.registry] 
New type java.util.Vector<domain.Question>

[2022-10-18 18:48:02 #13 type] 
Type domain.User is not enhanced.

[2022-10-18 18:48:02 #14 type.registry] 
New type domain.Elkarrizketa

[2022-10-18 18:48:02 #15 type.registry] 
New type java.util.Vector<domain.Elkarrizketa>

[2022-10-18 18:48:02 #16 type.registry] 
New type domain.Message

[2022-10-18 18:48:02 #17 type.registry] 
New type java.util.Vector<domain.Message>

[2022-10-18 18:48:02 #18 type] 
Type domain.Registered is not enhanced.

[2022-10-18 18:48:02 #19 type.registry] 
New type domain.KirolEstatistikak

[2022-10-18 18:48:02 #20 type.registry] 
New type java.util.Vector<domain.KirolEstatistikak>

[2022-10-18 18:48:02 #21 type.registry] 
New type domain.Jarraitzailea

[2022-10-18 18:48:02 #22 type.registry] 
New type java.util.Vector<domain.Jarraitzailea>

[2022-10-18 18:48:02 #23 type.registry] 
New type domain.ApustuAnitza

[2022-10-18 18:48:02 #24 type.registry] 
New type java.util.Vector<domain.ApustuAnitza>

[2022-10-18 18:48:02 #25 type.registry] 
New type domain.Transaction

[2022-10-18 18:48:02 #26 type.registry] 
New type java.util.Vector<domain.Transaction>

[2022-10-18 18:48:02 #27 type] 
Type domain.Sport is not enhanced.

[2022-10-18 18:48:02 #28 type] 
Type domain.Question is not enhanced.

[2022-10-18 18:48:02 #29 type.registry] 
New type domain.Quote

[2022-10-18 18:48:02 #30 type.registry] 
New type java.util.Vector<domain.Quote>

[2022-10-18 18:48:02 #31 type] 
Type domain.Elkarrizketa is not enhanced.

[2022-10-18 18:48:02 #32 type.registry] 
New type domain.Participantes

[2022-10-18 18:48:02 #33 type] 
Type domain.Message is not enhanced.

[2022-10-18 18:48:02 #34 type] 
Type domain.KirolEstatistikak is not enhanced.

[2022-10-18 18:48:02 #35 type] 
Type domain.Jarraitzailea is not enhanced.

[2022-10-18 18:48:02 #36 type] 
Type domain.ApustuAnitza is not enhanced.

[2022-10-18 18:48:02 #37 type.registry] 
New type domain.Apustua

[2022-10-18 18:48:02 #38 type.registry] 
New type java.util.Vector<domain.Apustua>

[2022-10-18 18:48:02 #39 type] 
Type domain.Transaction is not enhanced.

[2022-10-18 18:48:02 #40 type] 
Type domain.Quote is not enhanced.

[2022-10-18 18:48:02 #41 type] 
Type domain.Apustua is not enhanced.

------------------------------------------------------------------------------------------------------------------------

[2022-10-18 18:52:02 #1 store] 
Database 'C:\Users\User\Desktop\pr2\IS-2_Proyecto_entrega\Bets21\src\main\resources\bets.temp' is opened by 9160@DESKTOP-14FE82R

[2022-10-18 18:52:02 #2 type.registry] 
New type domain.Team

[2022-10-18 18:52:02 #3 type] 
Type domain.Team is not enhanced.

[2022-10-18 18:52:02 #4 type.registry] 
New type domain.Event

[2022-10-18 18:52:02 #5 type.registry] 
New type java.util.Vector<domain.Event>

[2022-10-18 18:52:02 #6 type.registry] 
New type domain.User

[2022-10-18 18:52:02 #7 type.registry] 
New type domain.Registered

[2022-10-18 18:52:02 #8 type.registry] 
New type java.util.Vector<domain.Registered>

[2022-10-18 18:52:02 #9 type] 
Type domain.Event is not enhanced.

[2022-10-18 18:52:02 #10 type.registry] 
New type domain.Sport

[2022-10-18 18:52:02 #11 type.registry] 
New type domain.Question

[2022-10-18 18:52:02 #12 type.registry] 
New type java.util.Vector<domain.Question>

[2022-10-18 18:52:02 #13 type] 
Type domain.User is not enhanced.

[2022-10-18 18:52:02 #14 type.registry] 
New type domain.Elkarrizketa

[2022-10-18 18:52:02 #15 type.registry] 
New type java.util.Vector<domain.Elkarrizketa>

[2022-10-18 18:52:02 #16 type.registry] 
New type domain.Message

[2022-10-18 18:52:02 #17 type.registry] 
New type java.util.Vector<domain.Message>

[2022-10-18 18:52:02 #18 type] 
Type domain.Registered is not enhanced.

[2022-10-18 18:52:02 #19 type.registry] 
New type domain.KirolEstatistikak

[2022-10-18 18:52:02 #20 type.registry] 
New type java.util.Vector<domain.KirolEstatistikak>

[2022-10-18 18:52:02 #21 type.registry] 
New type domain.Jarraitzailea

[2022-10-18 18:52:02 #22 type.registry] 
New type java.util.Vector<domain.Jarraitzailea>

[2022-10-18 18:52:03 #23 type.registry] 
New type domain.ApustuAnitza

[2022-10-18 18:52:03 #24 type.registry] 
New type java.util.Vector<domain.ApustuAnitza>

[2022-10-18 18:52:03 #25 type.registry] 
New type domain.Transaction

[2022-10-18 18:52:03 #26 type.registry] 
New type java.util.Vector<domain.Transaction>

[2022-10-18 18:52:03 #27 type] 
Type domain.Sport is not enhanced.

[2022-10-18 18:52:03 #28 type] 
Type domain.Question is not enhanced.

[2022-10-18 18:52:03 #29 type.registry] 
New type domain.Quote

[2022-10-18 18:52:03 #30 type.registry] 
New type java.util.Vector<domain.Quote>

[2022-10-18 18:52:03 #31 type] 
Type domain.Elkarrizketa is not enhanced.

[2022-10-18 18:52:03 #32 type.registry] 
New type domain.Participantes

[2022-10-18 18:52:03 #33 type] 
Type domain.Message is not enhanced.

[2022-10-18 18:52:03 #34 type] 
Type domain.KirolEstatistikak is not enhanced.

[2022-10-18 18:52:03 #35 type] 
Type domain.Jarraitzailea is not enhanced.

[2022-10-18 18:52:03 #36 type] 
Type domain.ApustuAnitza is not enhanced.

[2022-10-18 18:52:03 #37 type.registry] 
New type domain.Apustua

[2022-10-18 18:52:03 #38 type.registry] 
New type java.util.Vector<domain.Apustua>

[2022-10-18 18:52:03 #39 type] 
Type domain.Transaction is not enhanced.

[2022-10-18 18:52:03 #40 type] 
Type domain.Quote is not enhanced.

[2022-10-18 18:52:03 #41 type] 
Type domain.Apustua is not enhanced.

------------------------------------------------------------------------------------------------------------------------

[2022-10-18 18:52:48 #1 store] 
Database 'C:\Users\User\Desktop\pr2\IS-2_Proyecto_entrega\Bets21\src\main\resources\bets.temp' is opened by 4836@DESKTOP-14FE82R

[2022-10-18 18:52:48 #2 type.registry] 
New type domain.Team

[2022-10-18 18:52:48 #3 type] 
Type domain.Team is not enhanced.

[2022-10-18 18:52:48 #4 type.registry] 
New type domain.Event

[2022-10-18 18:52:48 #5 type.registry] 
New type java.util.Vector<domain.Event>

[2022-10-18 18:52:48 #6 type.registry] 
New type domain.User

[2022-10-18 18:52:48 #7 type.registry] 
New type domain.Registered

[2022-10-18 18:52:48 #8 type.registry] 
New type java.util.Vector<domain.Registered>

[2022-10-18 18:52:48 #9 type] 
Type domain.Event is not enhanced.

[2022-10-18 18:52:48 #10 type.registry] 
New type domain.Sport

[2022-10-18 18:52:48 #11 type.registry] 
New type domain.Question

[2022-10-18 18:52:48 #12 type.registry] 
New type java.util.Vector<domain.Question>

[2022-10-18 18:52:48 #13 type] 
Type domain.User is not enhanced.

[2022-10-18 18:52:48 #14 type.registry] 
New type domain.Elkarrizketa

[2022-10-18 18:52:48 #15 type.registry] 
New type java.util.Vector<domain.Elkarrizketa>

[2022-10-18 18:52:48 #16 type.registry] 
New type domain.Message

[2022-10-18 18:52:48 #17 type.registry] 
New type java.util.Vector<domain.Message>

[2022-10-18 18:52:48 #18 type] 
Type domain.Registered is not enhanced.

[2022-10-18 18:52:48 #19 type.registry] 
New type domain.KirolEstatistikak

[2022-10-18 18:52:48 #20 type.registry] 
New type java.util.Vector<domain.KirolEstatistikak>

[2022-10-18 18:52:48 #21 type.registry] 
New type domain.Jarraitzailea

[2022-10-18 18:52:48 #22 type.registry] 
New type java.util.Vector<domain.Jarraitzailea>

[2022-10-18 18:52:48 #23 type.registry] 
New type domain.ApustuAnitza

[2022-10-18 18:52:48 #24 type.registry] 
New type java.util.Vector<domain.ApustuAnitza>

[2022-10-18 18:52:48 #25 type.registry] 
New type domain.Transaction

[2022-10-18 18:52:48 #26 type.registry] 
New type java.util.Vector<domain.Transaction>

[2022-10-18 18:52:48 #27 type] 
Type domain.Sport is not enhanced.

[2022-10-18 18:52:48 #28 type] 
Type domain.Question is not enhanced.

[2022-10-18 18:52:48 #29 type.registry] 
New type domain.Quote

[2022-10-18 18:52:48 #30 type.registry] 
New type java.util.Vector<domain.Quote>

[2022-10-18 18:52:48 #31 type] 
Type domain.Elkarrizketa is not enhanced.

[2022-10-18 18:52:48 #32 type.registry] 
New type domain.Participantes

[2022-10-18 18:52:48 #33 type] 
Type domain.Message is not enhanced.

[2022-10-18 18:52:48 #34 type] 
Type domain.KirolEstatistikak is not enhanced.

[2022-10-18 18:52:48 #35 type] 
Type domain.Jarraitzailea is not enhanced.

[2022-10-18 18:52:48 #36 type] 
Type domain.ApustuAnitza is not enhanced.

[2022-10-18 18:52:48 #37 type.registry] 
New type domain.Apustua

[2022-10-18 18:52:48 #38 type.registry] 
New type java.util.Vector<domain.Apustua>

[2022-10-18 18:52:48 #39 type] 
Type domain.Transaction is not enhanced.

[2022-10-18 18:52:48 #40 type] 
Type domain.Quote is not enhanced.

[2022-10-18 18:52:48 #41 type] 
Type domain.Apustua is not enhanced.

[2022-10-18 18:52:48 #42 type.registry] 
New type domain.Admin

[2022-10-18 18:52:48 #43 type] 
Type domain.Admin is not enhanced.

[2022-10-18 18:52:48 #44 type.registry] 
New type java.util.Vector<java.lang.Object>

------------------------------------------------------------------------------------------------------------------------

[2022-10-18 18:53:18 #1 store] 
Database 'C:\Users\User\Desktop\pr2\IS-2_Proyecto_entrega\Bets21\src\main\resources\bets.temp' has been recovered (tr. 1-6)

[2022-10-18 18:53:18 #2 store] 
Database 'C:\Users\User\Desktop\pr2\IS-2_Proyecto_entrega\Bets21\src\main\resources\bets.temp' is opened by 11660@DESKTOP-14FE82R

[2022-10-18 18:53:18 #3 type] 
Type domain.Team is not enhanced.

[2022-10-18 18:53:18 #4 type] 
Type domain.Event is not enhanced.

[2022-10-18 18:53:18 #5 type] 
Type domain.User is not enhanced.

[2022-10-18 18:53:18 #6 type] 
Type domain.Registered is not enhanced.

[2022-10-18 18:53:18 #7 type] 
Type domain.Sport is not enhanced.

[2022-10-18 18:53:18 #8 type] 
Type domain.Question is not enhanced.

[2022-10-18 18:53:18 #9 type] 
Type domain.Elkarrizketa is not enhanced.

[2022-10-18 18:53:18 #10 type] 
Type domain.Message is not enhanced.

[2022-10-18 18:53:18 #11 type] 
Type domain.KirolEstatistikak is not enhanced.

[2022-10-18 18:53:18 #12 type] 
Type domain.Jarraitzailea is not enhanced.

[2022-10-18 18:53:18 #13 type] 
Type domain.ApustuAnitza is not enhanced.

[2022-10-18 18:53:18 #14 type] 
Type domain.Transaction is not enhanced.

[2022-10-18 18:53:18 #15 type] 
Type domain.Quote is not enhanced.

[2022-10-18 18:53:18 #16 type] 
Type domain.Apustua is not enhanced.

[2022-10-18 18:53:18 #17 type] 
Type domain.Admin is not enhanced.

------------------------------------------------------------------------------------------------------------------------

[2022-10-18 18:54:04 #1 store] 
Database 'C:\Users\User\Desktop\pr2\IS-2_Proyecto_entrega\Bets21\src\main\resources\bets.temp' has been recovered (tr. 7-19)

[2022-10-18 18:54:04 #2 store] 
Database 'C:\Users\User\Desktop\pr2\IS-2_Proyecto_entrega\Bets21\src\main\resources\bets.temp' is opened by 4336@DESKTOP-14FE82R

[2022-10-18 18:54:04 #3 type] 
Type domain.Team is not enhanced.

[2022-10-18 18:54:04 #4 type] 
Type domain.Event is not enhanced.

[2022-10-18 18:54:04 #5 type] 
Type domain.User is not enhanced.

[2022-10-18 18:54:04 #6 type] 
Type domain.Registered is not enhanced.

[2022-10-18 18:54:04 #7 type] 
Type domain.Sport is not enhanced.

[2022-10-18 18:54:04 #8 type] 
Type domain.Question is not enhanced.

[2022-10-18 18:54:04 #9 type] 
Type domain.Elkarrizketa is not enhanced.

[2022-10-18 18:54:04 #10 type] 
Type domain.Message is not enhanced.

[2022-10-18 18:54:04 #11 type] 
Type domain.KirolEstatistikak is not enhanced.

[2022-10-18 18:54:04 #12 type] 
Type domain.Jarraitzailea is not enhanced.

[2022-10-18 18:54:04 #13 type] 
Type domain.ApustuAnitza is not enhanced.

[2022-10-18 18:54:04 #14 type] 
Type domain.Transaction is not enhanced.

[2022-10-18 18:54:04 #15 type] 
Type domain.Quote is not enhanced.

[2022-10-18 18:54:04 #16 type] 
Type domain.Apustua is not enhanced.

[2022-10-18 18:54:04 #17 type] 
Type domain.Admin is not enhanced.

------------------------------------------------------------------------------------------------------------------------

[2022-10-18 18:54:59 #1 store] 
Database 'C:\Users\User\Desktop\pr2\IS-2_Proyecto_entrega\Bets21\src\main\resources\bets.temp' has been recovered (tr. 20-25)

[2022-10-18 18:54:59 #2 store] 
Database 'C:\Users\User\Desktop\pr2\IS-2_Proyecto_entrega\Bets21\src\main\resources\bets.temp' is opened by 5656@DESKTOP-14FE82R

[2022-10-18 18:54:59 #3 type] 
Type domain.Team is not enhanced.

[2022-10-18 18:54:59 #4 type] 
Type domain.Event is not enhanced.

[2022-10-18 18:54:59 #5 type] 
Type domain.User is not enhanced.

[2022-10-18 18:54:59 #6 type] 
Type domain.Registered is not enhanced.

[2022-10-18 18:54:59 #7 type] 
Type domain.Sport is not enhanced.

[2022-10-18 18:54:59 #8 type] 
Type domain.Question is not enhanced.

[2022-10-18 18:54:59 #9 type] 
Type domain.Elkarrizketa is not enhanced.

[2022-10-18 18:54:59 #10 type] 
Type domain.Message is not enhanced.

[2022-10-18 18:54:59 #11 type] 
Type domain.KirolEstatistikak is not enhanced.

[2022-10-18 18:54:59 #12 type] 
Type domain.Jarraitzailea is not enhanced.

[2022-10-18 18:54:59 #13 type] 
Type domain.ApustuAnitza is not enhanced.

[2022-10-18 18:54:59 #14 type] 
Type domain.Transaction is not enhanced.

[2022-10-18 18:54:59 #15 type] 
Type domain.Quote is not enhanced.

[2022-10-18 18:54:59 #16 type] 
Type domain.Apustua is not enhanced.

[2022-10-18 18:54:59 #17 type] 
Type domain.Admin is not enhanced.

------------------------------------------------------------------------------------------------------------------------

[2022-10-18 18:57:37 #1 store] 
Database 'C:\Users\User\Desktop\pr2\IS-2_Proyecto_entrega\Bets21\src\main\resources\bets.temp' has been recovered (tr. 26-31)

[2022-10-18 18:57:37 #2 store] 
Database 'C:\Users\User\Desktop\pr2\IS-2_Proyecto_entrega\Bets21\src\main\resources\bets.temp' is opened by 13376@DESKTOP-14FE82R

[2022-10-18 18:57:37 #3 type] 
Type domain.Team is not enhanced.

[2022-10-18 18:57:37 #4 type] 
Type domain.Event is not enhanced.

[2022-10-18 18:57:37 #5 type] 
Type domain.User is not enhanced.

[2022-10-18 18:57:37 #6 type] 
Type domain.Registered is not enhanced.

[2022-10-18 18:57:37 #7 type] 
Type domain.Sport is not enhanced.

[2022-10-18 18:57:37 #8 type] 
Type domain.Question is not enhanced.

[2022-10-18 18:57:37 #9 type] 
Type domain.Elkarrizketa is not enhanced.

[2022-10-18 18:57:37 #10 type] 
Type domain.Message is not enhanced.

[2022-10-18 18:57:37 #11 type] 
Type domain.KirolEstatistikak is not enhanced.

[2022-10-18 18:57:37 #12 type] 
Type domain.Jarraitzailea is not enhanced.

[2022-10-18 18:57:37 #13 type] 
Type domain.ApustuAnitza is not enhanced.

[2022-10-18 18:57:37 #14 type] 
Type domain.Transaction is not enhanced.

[2022-10-18 18:57:37 #15 type] 
Type domain.Quote is not enhanced.

[2022-10-18 18:57:37 #16 type] 
Type domain.Apustua is not enhanced.

[2022-10-18 18:57:37 #17 type] 
Type domain.Admin is not enhanced.

------------------------------------------------------------------------------------------------------------------------

[2022-10-18 22:09:32 #1 store] 
Database 'C:\Users\User\Desktop\pr3\proiektua\Bets21\src\main\resources\bets.temp' has been recovered (tr. 42-43)

[2022-10-18 22:09:32 #2 store] 
Database 'C:\Users\User\Desktop\pr3\proiektua\Bets21\src\main\resources\bets.temp' is opened by 11988@DESKTOP-14FE82R

[2022-10-18 22:09:32 #3 type] 
Type domain.Team is not enhanced.

[2022-10-18 22:09:32 #4 type] 
Type domain.Event is not enhanced.

[2022-10-18 22:09:32 #5 type] 
Type domain.User is not enhanced.

[2022-10-18 22:09:32 #6 type] 
Type domain.Registered is not enhanced.

[2022-10-18 22:09:32 #7 type] 
Type domain.Sport is not enhanced.

[2022-10-18 22:09:32 #8 type] 
Type domain.Question is not enhanced.

[2022-10-18 22:09:32 #9 type] 
Type domain.Elkarrizketa is not enhanced.

[2022-10-18 22:09:32 #10 type] 
Type domain.Message is not enhanced.

[2022-10-18 22:09:32 #11 type] 
Type domain.KirolEstatistikak is not enhanced.

[2022-10-18 22:09:32 #12 type] 
Type domain.Jarraitzailea is not enhanced.

[2022-10-18 22:09:32 #13 type] 
Type domain.ApustuAnitza is not enhanced.

[2022-10-18 22:09:32 #14 type] 
Type domain.Transaction is not enhanced.

[2022-10-18 22:09:32 #15 type] 
Type domain.Quote is not enhanced.

[2022-10-18 22:09:32 #16 type] 
Type domain.Apustua is not enhanced.

[2022-10-18 22:09:32 #17 type] 
Type domain.Admin is not enhanced.

------------------------------------------------------------------------------------------------------------------------

[2022-10-18 23:27:07 #1 store] 
Database 'C:\Users\kegia\git\IS-2_Proyecto_entrega\Bets21\src\main\resources\bets.temp' has been recovered (tr. 44-49)

[2022-10-18 23:27:07 #2 store] 
Database 'C:\Users\kegia\git\IS-2_Proyecto_entrega\Bets21\src\main\resources\bets.temp' is opened by 920@kimi

[2022-10-18 23:27:07 #3 type] 
Type domain.Team is not enhanced.

[2022-10-18 23:27:07 #4 type] 
Type domain.Event is not enhanced.

[2022-10-18 23:27:07 #5 type] 
Type domain.User is not enhanced.

[2022-10-18 23:27:07 #6 type] 
Type domain.Registered is not enhanced.

[2022-10-18 23:27:07 #7 type] 
Type domain.Sport is not enhanced.

[2022-10-18 23:27:07 #8 type] 
Type domain.Question is not enhanced.

[2022-10-18 23:27:07 #9 type] 
Type domain.Elkarrizketa is not enhanced.

[2022-10-18 23:27:07 #10 type] 
Type domain.Message is not enhanced.

[2022-10-18 23:27:07 #11 type] 
Type domain.KirolEstatistikak is not enhanced.

[2022-10-18 23:27:07 #12 type] 
Type domain.Jarraitzailea is not enhanced.

[2022-10-18 23:27:07 #13 type] 
Type domain.ApustuAnitza is not enhanced.

[2022-10-18 23:27:07 #14 type] 
Type domain.Transaction is not enhanced.

[2022-10-18 23:27:07 #15 type] 
Type domain.Quote is not enhanced.

[2022-10-18 23:27:07 #16 type] 
Type domain.Apustua is not enhanced.

[2022-10-18 23:27:07 #17 type] 
Type domain.Admin is not enhanced.

------------------------------------------------------------------------------------------------------------------------

[2022-10-18 23:57:50 #1 store] 
Database 'C:\Users\kegia\git\IS-2_Proyecto_entrega\Bets21\src\main\resources\bets.temp' is opened by 5004@kimi

[2022-10-18 23:57:51 #2 type.registry] 
New type domain.Event

[2022-10-18 23:57:51 #3 type] 
Type domain.Event is not enhanced.

[2022-10-18 23:57:51 #4 type.registry] 
New type domain.Team

[2022-10-18 23:57:51 #5 type.registry] 
New type domain.Sport

[2022-10-18 23:57:51 #6 type.registry] 
New type domain.Question

[2022-10-18 23:57:51 #7 type.registry] 
New type java.util.Vector<domain.Question>

[2022-10-18 23:57:51 #8 type] 
Type domain.Team is not enhanced.

[2022-10-18 23:57:51 #9 type.registry] 
New type java.util.Vector<domain.Event>

[2022-10-18 23:57:51 #10 type.registry] 
New type domain.User

[2022-10-18 23:57:51 #11 type.registry] 
New type domain.Registered

[2022-10-18 23:57:51 #12 type.registry] 
New type java.util.Vector<domain.Registered>

[2022-10-18 23:57:51 #13 type] 
Type domain.Sport is not enhanced.

[2022-10-18 23:57:51 #14 type.registry] 
New type domain.KirolEstatistikak

[2022-10-18 23:57:51 #15 type.registry] 
New type java.util.Vector<domain.KirolEstatistikak>

[2022-10-18 23:57:51 #16 type] 
Type domain.Question is not enhanced.

[2022-10-18 23:57:51 #17 type.registry] 
New type domain.Quote

[2022-10-18 23:57:51 #18 type.registry] 
New type java.util.Vector<domain.Quote>

[2022-10-18 23:57:51 #19 type] 
Type domain.User is not enhanced.

[2022-10-18 23:57:51 #20 type.registry] 
New type domain.Elkarrizketa

[2022-10-18 23:57:51 #21 type.registry] 
New type java.util.Vector<domain.Elkarrizketa>

[2022-10-18 23:57:51 #22 type.registry] 
New type domain.Message

[2022-10-18 23:57:51 #23 type.registry] 
New type java.util.Vector<domain.Message>

[2022-10-18 23:57:51 #24 type] 
Type domain.Registered is not enhanced.

[2022-10-18 23:57:51 #25 type.registry] 
New type domain.Jarraitzailea

[2022-10-18 23:57:51 #26 type.registry] 
New type java.util.Vector<domain.Jarraitzailea>

[2022-10-18 23:57:51 #27 type.registry] 
New type domain.ApustuAnitza

[2022-10-18 23:57:51 #28 type.registry] 
New type java.util.Vector<domain.ApustuAnitza>

[2022-10-18 23:57:51 #29 type.registry] 
New type domain.Transaction

[2022-10-18 23:57:51 #30 type.registry] 
New type java.util.Vector<domain.Transaction>

[2022-10-18 23:57:51 #31 type] 
Type domain.KirolEstatistikak is not enhanced.

[2022-10-18 23:57:51 #32 type] 
Type domain.Quote is not enhanced.

[2022-10-18 23:57:51 #33 type.registry] 
New type domain.Apustua

[2022-10-18 23:57:51 #34 type.registry] 
New type java.util.Vector<domain.Apustua>

[2022-10-18 23:57:51 #35 type] 
Type domain.Elkarrizketa is not enhanced.

[2022-10-18 23:57:51 #36 type.registry] 
New type domain.Participantes

[2022-10-18 23:57:51 #37 type] 
Type domain.Message is not enhanced.

[2022-10-18 23:57:51 #38 type] 
Type domain.Jarraitzailea is not enhanced.

[2022-10-18 23:57:51 #39 type] 
Type domain.ApustuAnitza is not enhanced.

[2022-10-18 23:57:51 #40 type] 
Type domain.Transaction is not enhanced.

[2022-10-18 23:57:51 #41 type] 
Type domain.Apustua is not enhanced.

------------------------------------------------------------------------------------------------------------------------

[2022-10-18 23:58:38 #1 store] 
Database 'C:\Users\kegia\git\IS-2_Proyecto_entrega\Bets21\src\main\resources\bets.temp' has been recovered (tr. 1-3)

[2022-10-18 23:58:38 #2 store] 
Database 'C:\Users\kegia\git\IS-2_Proyecto_entrega\Bets21\src\main\resources\bets.temp' is opened by 10068@kimi

[2022-10-18 23:58:38 #3 type] 
Type domain.Event is not enhanced.

[2022-10-18 23:58:38 #4 type] 
Type domain.Team is not enhanced.

[2022-10-18 23:58:38 #5 type] 
Type domain.Sport is not enhanced.

[2022-10-18 23:58:38 #6 type] 
Type domain.Question is not enhanced.

[2022-10-18 23:58:38 #7 type] 
Type domain.User is not enhanced.

[2022-10-18 23:58:38 #8 type] 
Type domain.Registered is not enhanced.

[2022-10-18 23:58:38 #9 type] 
Type domain.KirolEstatistikak is not enhanced.

[2022-10-18 23:58:38 #10 type] 
Type domain.Quote is not enhanced.

[2022-10-18 23:58:38 #11 type] 
Type domain.Elkarrizketa is not enhanced.

[2022-10-18 23:58:38 #12 type] 
Type domain.Message is not enhanced.

[2022-10-18 23:58:38 #13 type] 
Type domain.Jarraitzailea is not enhanced.

[2022-10-18 23:58:38 #14 type] 
Type domain.ApustuAnitza is not enhanced.

[2022-10-18 23:58:38 #15 type] 
Type domain.Transaction is not enhanced.

[2022-10-18 23:58:38 #16 type] 
Type domain.Apustua is not enhanced.

