------------------------------------------------------------------------------------------------------------------------

[2022-10-10 22:02:18 #1 store] 
Database 'C:\Users\kegia\git\IS-2_Proyecto_entrega\Bets21\src\main\resources\bets.temp' is opened by 16428@kimi

[2022-10-10 22:02:18 #2 type] 
Type domain.Team is not enhanced.

[2022-10-10 22:02:18 #3 type] 
Type domain.Event is not enhanced.

[2022-10-10 22:02:18 #4 type] 
Type domain.User is not enhanced.

[2022-10-10 22:02:18 #5 type] 
Type domain.Registered is not enhanced.

[2022-10-10 22:02:18 #6 type] 
Type domain.Sport is not enhanced.

[2022-10-10 22:02:18 #7 type] 
Type domain.Question is not enhanced.

[2022-10-10 22:02:18 #8 type] 
Type domain.Elkarrizketa is not enhanced.

[2022-10-10 22:02:18 #9 type] 
Type domain.Message is not enhanced.

[2022-10-10 22:02:18 #10 type] 
Type domain.KirolEstatistikak is not enhanced.

[2022-10-10 22:02:18 #11 type] 
Type domain.Jarraitzailea is not enhanced.

[2022-10-10 22:02:18 #12 type] 
Type domain.ApustuAnitza is not enhanced.

[2022-10-10 22:02:18 #13 type] 
Type domain.Transaction is not enhanced.

[2022-10-10 22:02:18 #14 type] 
Type domain.Quote is not enhanced.

[2022-10-10 22:02:18 #15 type] 
Type domain.Apustua is not enhanced.

[2022-10-10 22:02:18 #16 type] 
Type domain.Admin is not enhanced.

------------------------------------------------------------------------------------------------------------------------

[2022-10-10 22:04:05 #1 store] 
Database 'C:\Users\kegia\git\IS-2_Proyecto_entrega\Bets21\src\main\resources\bets.temp' is opened by 2092@kimi

[2022-10-10 22:04:05 #2 type] 
Type domain.Team is not enhanced.

[2022-10-10 22:04:05 #3 type] 
Type domain.Event is not enhanced.

[2022-10-10 22:04:05 #4 type] 
Type domain.User is not enhanced.

[2022-10-10 22:04:05 #5 type] 
Type domain.Registered is not enhanced.

[2022-10-10 22:04:05 #6 type] 
Type domain.Sport is not enhanced.

[2022-10-10 22:04:05 #7 type] 
Type domain.Question is not enhanced.

[2022-10-10 22:04:05 #8 type] 
Type domain.Elkarrizketa is not enhanced.

[2022-10-10 22:04:05 #9 type] 
Type domain.Message is not enhanced.

[2022-10-10 22:04:05 #10 type] 
Type domain.KirolEstatistikak is not enhanced.

[2022-10-10 22:04:05 #11 type] 
Type domain.Jarraitzailea is not enhanced.

[2022-10-10 22:04:05 #12 type] 
Type domain.ApustuAnitza is not enhanced.

[2022-10-10 22:04:05 #13 type] 
Type domain.Transaction is not enhanced.

[2022-10-10 22:04:05 #14 type] 
Type domain.Quote is not enhanced.

[2022-10-10 22:04:05 #15 type] 
Type domain.Apustua is not enhanced.

[2022-10-10 22:04:05 #16 type] 
Type domain.Admin is not enhanced.

------------------------------------------------------------------------------------------------------------------------

[2022-10-10 22:04:36 #1 store] 
Database 'C:\Users\kegia\git\IS-2_Proyecto_entrega\Bets21\src\main\resources\bets.temp' has been recovered (tr. 37-37)

[2022-10-10 22:04:37 #2 store] 
Database 'C:\Users\kegia\git\IS-2_Proyecto_entrega\Bets21\src\main\resources\bets.temp' is opened by 11392@kimi

[2022-10-10 22:04:37 #3 type] 
Type domain.Team is not enhanced.

[2022-10-10 22:04:37 #4 type] 
Type domain.Event is not enhanced.

[2022-10-10 22:04:37 #5 type] 
Type domain.User is not enhanced.

[2022-10-10 22:04:37 #6 type] 
Type domain.Registered is not enhanced.

[2022-10-10 22:04:37 #7 type] 
Type domain.Sport is not enhanced.

[2022-10-10 22:04:37 #8 type] 
Type domain.Question is not enhanced.

[2022-10-10 22:04:37 #9 type] 
Type domain.Elkarrizketa is not enhanced.

[2022-10-10 22:04:37 #10 type] 
Type domain.Message is not enhanced.

[2022-10-10 22:04:37 #11 type] 
Type domain.KirolEstatistikak is not enhanced.

[2022-10-10 22:04:37 #12 type] 
Type domain.Jarraitzailea is not enhanced.

[2022-10-10 22:04:37 #13 type] 
Type domain.ApustuAnitza is not enhanced.

[2022-10-10 22:04:37 #14 type] 
Type domain.Transaction is not enhanced.

[2022-10-10 22:04:37 #15 type] 
Type domain.Quote is not enhanced.

[2022-10-10 22:04:37 #16 type] 
Type domain.Apustua is not enhanced.

[2022-10-10 22:04:37 #17 type] 
Type domain.Admin is not enhanced.

------------------------------------------------------------------------------------------------------------------------

[2022-10-10 22:07:06 #1 store] 
Database 'C:\Users\kegia\git\IS-2_Proyecto_entrega\Bets21\src\main\resources\bets.temp' has been recovered (tr. 38-41)

[2022-10-10 22:07:06 #2 store] 
Database 'C:\Users\kegia\git\IS-2_Proyecto_entrega\Bets21\src\main\resources\bets.temp' is opened by 15924@kimi

[2022-10-10 22:07:06 #3 type] 
Type domain.Team is not enhanced.

[2022-10-10 22:07:06 #4 type] 
Type domain.Event is not enhanced.

[2022-10-10 22:07:06 #5 type] 
Type domain.User is not enhanced.

[2022-10-10 22:07:06 #6 type] 
Type domain.Registered is not enhanced.

[2022-10-10 22:07:06 #7 type] 
Type domain.Sport is not enhanced.

[2022-10-10 22:07:06 #8 type] 
Type domain.Question is not enhanced.

[2022-10-10 22:07:06 #9 type] 
Type domain.Elkarrizketa is not enhanced.

[2022-10-10 22:07:06 #10 type] 
Type domain.Message is not enhanced.

[2022-10-10 22:07:06 #11 type] 
Type domain.KirolEstatistikak is not enhanced.

[2022-10-10 22:07:06 #12 type] 
Type domain.Jarraitzailea is not enhanced.

[2022-10-10 22:07:06 #13 type] 
Type domain.ApustuAnitza is not enhanced.

[2022-10-10 22:07:06 #14 type] 
Type domain.Transaction is not enhanced.

[2022-10-10 22:07:06 #15 type] 
Type domain.Quote is not enhanced.

[2022-10-10 22:07:06 #16 type] 
Type domain.Apustua is not enhanced.

[2022-10-10 22:07:06 #17 type] 
Type domain.Admin is not enhanced.

------------------------------------------------------------------------------------------------------------------------

[2022-10-10 22:11:06 #1 store] 
Database 'C:\Users\kegia\git\IS-2_Proyecto_entrega\Bets21\src\main\resources\bets.temp' has been recovered (tr. 42-46)

[2022-10-10 22:11:06 #2 store] 
Database 'C:\Users\kegia\git\IS-2_Proyecto_entrega\Bets21\src\main\resources\bets.temp' is opened by 17776@kimi

[2022-10-10 22:11:06 #3 type] 
Type domain.Team is not enhanced.

[2022-10-10 22:11:06 #4 type] 
Type domain.Event is not enhanced.

[2022-10-10 22:11:06 #5 type] 
Type domain.User is not enhanced.

[2022-10-10 22:11:06 #6 type] 
Type domain.Registered is not enhanced.

[2022-10-10 22:11:06 #7 type] 
Type domain.Sport is not enhanced.

[2022-10-10 22:11:06 #8 type] 
Type domain.Question is not enhanced.

[2022-10-10 22:11:06 #9 type] 
Type domain.Elkarrizketa is not enhanced.

[2022-10-10 22:11:06 #10 type] 
Type domain.Message is not enhanced.

[2022-10-10 22:11:06 #11 type] 
Type domain.KirolEstatistikak is not enhanced.

[2022-10-10 22:11:06 #12 type] 
Type domain.Jarraitzailea is not enhanced.

[2022-10-10 22:11:06 #13 type] 
Type domain.ApustuAnitza is not enhanced.

[2022-10-10 22:11:06 #14 type] 
Type domain.Transaction is not enhanced.

[2022-10-10 22:11:06 #15 type] 
Type domain.Quote is not enhanced.

[2022-10-10 22:11:06 #16 type] 
Type domain.Apustua is not enhanced.

[2022-10-10 22:11:06 #17 type] 
Type domain.Admin is not enhanced.

------------------------------------------------------------------------------------------------------------------------

[2022-10-10 22:12:38 #1 store] 
Database 'C:\Users\kegia\git\IS-2_Proyecto_entrega\Bets21\src\main\resources\bets.temp' has been recovered (tr. 47-49)

[2022-10-10 22:12:38 #2 store] 
Database 'C:\Users\kegia\git\IS-2_Proyecto_entrega\Bets21\src\main\resources\bets.temp' is opened by 13304@kimi

[2022-10-10 22:12:38 #3 type] 
Type domain.Team is not enhanced.

[2022-10-10 22:12:38 #4 type] 
Type domain.Event is not enhanced.

[2022-10-10 22:12:38 #5 type] 
Type domain.User is not enhanced.

[2022-10-10 22:12:38 #6 type] 
Type domain.Registered is not enhanced.

[2022-10-10 22:12:38 #7 type] 
Type domain.Sport is not enhanced.

[2022-10-10 22:12:38 #8 type] 
Type domain.Question is not enhanced.

[2022-10-10 22:12:38 #9 type] 
Type domain.Elkarrizketa is not enhanced.

[2022-10-10 22:12:38 #10 type] 
Type domain.Message is not enhanced.

[2022-10-10 22:12:38 #11 type] 
Type domain.KirolEstatistikak is not enhanced.

[2022-10-10 22:12:38 #12 type] 
Type domain.Jarraitzailea is not enhanced.

[2022-10-10 22:12:38 #13 type] 
Type domain.ApustuAnitza is not enhanced.

[2022-10-10 22:12:38 #14 type] 
Type domain.Transaction is not enhanced.

[2022-10-10 22:12:38 #15 type] 
Type domain.Quote is not enhanced.

[2022-10-10 22:12:38 #16 type] 
Type domain.Apustua is not enhanced.

[2022-10-10 22:12:38 #17 type] 
Type domain.Admin is not enhanced.

------------------------------------------------------------------------------------------------------------------------

[2022-10-10 22:19:55 #1 store] 
Database 'C:\Users\kegia\git\IS-2_Proyecto_entrega\Bets21\src\main\resources\bets.temp' has been recovered (tr. 50-52)

[2022-10-10 22:19:55 #2 store] 
Database 'C:\Users\kegia\git\IS-2_Proyecto_entrega\Bets21\src\main\resources\bets.temp' is opened by 11224@kimi

[2022-10-10 22:19:55 #3 type] 
Type domain.Team is not enhanced.

[2022-10-10 22:19:55 #4 type] 
Type domain.Event is not enhanced.

[2022-10-10 22:19:55 #5 type] 
Type domain.User is not enhanced.

[2022-10-10 22:19:55 #6 type] 
Type domain.Registered is not enhanced.

[2022-10-10 22:19:55 #7 type] 
Type domain.Sport is not enhanced.

[2022-10-10 22:19:55 #8 type] 
Type domain.Question is not enhanced.

[2022-10-10 22:19:55 #9 type] 
Type domain.Elkarrizketa is not enhanced.

[2022-10-10 22:19:55 #10 type] 
Type domain.Message is not enhanced.

[2022-10-10 22:19:55 #11 type] 
Type domain.KirolEstatistikak is not enhanced.

[2022-10-10 22:19:55 #12 type] 
Type domain.Jarraitzailea is not enhanced.

[2022-10-10 22:19:55 #13 type] 
Type domain.ApustuAnitza is not enhanced.

[2022-10-10 22:19:55 #14 type] 
Type domain.Transaction is not enhanced.

[2022-10-10 22:19:55 #15 type] 
Type domain.Quote is not enhanced.

[2022-10-10 22:19:55 #16 type] 
Type domain.Apustua is not enhanced.

[2022-10-10 22:19:55 #17 type] 
Type domain.Admin is not enhanced.

------------------------------------------------------------------------------------------------------------------------

[2022-10-10 22:20:24 #1 store] 
Database 'C:\Users\kegia\git\IS-2_Proyecto_entrega\Bets21\src\main\resources\bets.temp' has been recovered (tr. 53-56)

[2022-10-10 22:20:24 #2 store] 
Database 'C:\Users\kegia\git\IS-2_Proyecto_entrega\Bets21\src\main\resources\bets.temp' is opened by 9164@kimi

[2022-10-10 22:20:24 #3 type] 
Type domain.Team is not enhanced.

[2022-10-10 22:20:24 #4 type] 
Type domain.Event is not enhanced.

[2022-10-10 22:20:24 #5 type] 
Type domain.User is not enhanced.

[2022-10-10 22:20:24 #6 type] 
Type domain.Registered is not enhanced.

[2022-10-10 22:20:24 #7 type] 
Type domain.Sport is not enhanced.

[2022-10-10 22:20:24 #8 type] 
Type domain.Question is not enhanced.

[2022-10-10 22:20:24 #9 type] 
Type domain.Elkarrizketa is not enhanced.

[2022-10-10 22:20:24 #10 type] 
Type domain.Message is not enhanced.

[2022-10-10 22:20:24 #11 type] 
Type domain.KirolEstatistikak is not enhanced.

[2022-10-10 22:20:24 #12 type] 
Type domain.Jarraitzailea is not enhanced.

[2022-10-10 22:20:24 #13 type] 
Type domain.ApustuAnitza is not enhanced.

[2022-10-10 22:20:24 #14 type] 
Type domain.Transaction is not enhanced.

[2022-10-10 22:20:24 #15 type] 
Type domain.Quote is not enhanced.

[2022-10-10 22:20:24 #16 type] 
Type domain.Apustua is not enhanced.

[2022-10-10 22:20:24 #17 type] 
Type domain.Admin is not enhanced.

------------------------------------------------------------------------------------------------------------------------

[2022-10-10 22:24:44 #1 store] 
Database 'C:\Users\kegia\git\IS-2_Proyecto_entrega\Bets21\src\main\resources\bets.temp' has been recovered (tr. 57-60)

[2022-10-10 22:24:44 #2 store] 
Database 'C:\Users\kegia\git\IS-2_Proyecto_entrega\Bets21\src\main\resources\bets.temp' is opened by 13284@kimi

[2022-10-10 22:24:44 #3 type] 
Type domain.Team is not enhanced.

[2022-10-10 22:24:44 #4 type] 
Type domain.Event is not enhanced.

[2022-10-10 22:24:44 #5 type] 
Type domain.User is not enhanced.

[2022-10-10 22:24:44 #6 type] 
Type domain.Registered is not enhanced.

[2022-10-10 22:24:44 #7 type] 
Type domain.Sport is not enhanced.

[2022-10-10 22:24:44 #8 type] 
Type domain.Question is not enhanced.

[2022-10-10 22:24:44 #9 type] 
Type domain.Elkarrizketa is not enhanced.

[2022-10-10 22:24:44 #10 type] 
Type domain.Message is not enhanced.

[2022-10-10 22:24:44 #11 type] 
Type domain.KirolEstatistikak is not enhanced.

[2022-10-10 22:24:44 #12 type] 
Type domain.Jarraitzailea is not enhanced.

[2022-10-10 22:24:44 #13 type] 
Type domain.ApustuAnitza is not enhanced.

[2022-10-10 22:24:44 #14 type] 
Type domain.Transaction is not enhanced.

[2022-10-10 22:24:44 #15 type] 
Type domain.Quote is not enhanced.

[2022-10-10 22:24:44 #16 type] 
Type domain.Apustua is not enhanced.

[2022-10-10 22:24:44 #17 type] 
Type domain.Admin is not enhanced.

------------------------------------------------------------------------------------------------------------------------

[2022-10-10 22:26:03 #1 store] 
Database 'C:\Users\kegia\git\IS-2_Proyecto_entrega\Bets21\src\main\resources\bets.temp' is opened by 5112@kimi

[2022-10-10 22:26:03 #2 type] 
Type domain.Team is not enhanced.

[2022-10-10 22:26:03 #3 type] 
Type domain.Event is not enhanced.

[2022-10-10 22:26:03 #4 type] 
Type domain.User is not enhanced.

[2022-10-10 22:26:03 #5 type] 
Type domain.Registered is not enhanced.

[2022-10-10 22:26:03 #6 type] 
Type domain.Sport is not enhanced.

[2022-10-10 22:26:03 #7 type] 
Type domain.Question is not enhanced.

[2022-10-10 22:26:03 #8 type] 
Type domain.Elkarrizketa is not enhanced.

[2022-10-10 22:26:03 #9 type] 
Type domain.Message is not enhanced.

[2022-10-10 22:26:03 #10 type] 
Type domain.KirolEstatistikak is not enhanced.

[2022-10-10 22:26:03 #11 type] 
Type domain.Jarraitzailea is not enhanced.

[2022-10-10 22:26:03 #12 type] 
Type domain.ApustuAnitza is not enhanced.

[2022-10-10 22:26:03 #13 type] 
Type domain.Transaction is not enhanced.

[2022-10-10 22:26:03 #14 type] 
Type domain.Quote is not enhanced.

[2022-10-10 22:26:03 #15 type] 
Type domain.Apustua is not enhanced.

[2022-10-10 22:26:03 #16 type] 
Type domain.Admin is not enhanced.

------------------------------------------------------------------------------------------------------------------------

[2022-10-10 22:27:04 #1 store] 
Database 'C:\Users\kegia\git\IS-2_Proyecto_entrega\Bets21\src\main\resources\bets.temp' is opened by 10172@kimi

[2022-10-10 22:27:04 #2 type] 
Type domain.Team is not enhanced.

[2022-10-10 22:27:04 #3 type] 
Type domain.Event is not enhanced.

[2022-10-10 22:27:04 #4 type] 
Type domain.User is not enhanced.

[2022-10-10 22:27:04 #5 type] 
Type domain.Registered is not enhanced.

[2022-10-10 22:27:04 #6 type] 
Type domain.Sport is not enhanced.

[2022-10-10 22:27:04 #7 type] 
Type domain.Question is not enhanced.

[2022-10-10 22:27:04 #8 type] 
Type domain.Elkarrizketa is not enhanced.

[2022-10-10 22:27:04 #9 type] 
Type domain.Message is not enhanced.

[2022-10-10 22:27:04 #10 type] 
Type domain.KirolEstatistikak is not enhanced.

[2022-10-10 22:27:04 #11 type] 
Type domain.Jarraitzailea is not enhanced.

[2022-10-10 22:27:04 #12 type] 
Type domain.ApustuAnitza is not enhanced.

[2022-10-10 22:27:04 #13 type] 
Type domain.Transaction is not enhanced.

[2022-10-10 22:27:04 #14 type] 
Type domain.Quote is not enhanced.

[2022-10-10 22:27:04 #15 type] 
Type domain.Apustua is not enhanced.

[2022-10-10 22:27:04 #16 type] 
Type domain.Admin is not enhanced.

------------------------------------------------------------------------------------------------------------------------

[2022-10-10 22:27:35 #1 store] 
Database 'C:\Users\kegia\git\IS-2_Proyecto_entrega\Bets21\src\main\resources\bets.temp' is opened by 9096@kimi

[2022-10-10 22:27:35 #2 type] 
Type domain.Team is not enhanced.

[2022-10-10 22:27:35 #3 type] 
Type domain.Event is not enhanced.

[2022-10-10 22:27:35 #4 type] 
Type domain.User is not enhanced.

[2022-10-10 22:27:35 #5 type] 
Type domain.Registered is not enhanced.

[2022-10-10 22:27:35 #6 type] 
Type domain.Sport is not enhanced.

[2022-10-10 22:27:35 #7 type] 
Type domain.Question is not enhanced.

[2022-10-10 22:27:35 #8 type] 
Type domain.Elkarrizketa is not enhanced.

[2022-10-10 22:27:35 #9 type] 
Type domain.Message is not enhanced.

[2022-10-10 22:27:35 #10 type] 
Type domain.KirolEstatistikak is not enhanced.

[2022-10-10 22:27:35 #11 type] 
Type domain.Jarraitzailea is not enhanced.

[2022-10-10 22:27:35 #12 type] 
Type domain.ApustuAnitza is not enhanced.

[2022-10-10 22:27:35 #13 type] 
Type domain.Transaction is not enhanced.

[2022-10-10 22:27:35 #14 type] 
Type domain.Quote is not enhanced.

[2022-10-10 22:27:35 #15 type] 
Type domain.Apustua is not enhanced.

[2022-10-10 22:27:35 #16 type] 
Type domain.Admin is not enhanced.

------------------------------------------------------------------------------------------------------------------------

[2022-10-10 22:32:35 #1 store] 
Database 'C:\Users\kegia\git\IS-2_Proyecto_entrega\Bets21\src\main\resources\bets.temp' is opened by 16864@kimi

[2022-10-10 22:32:35 #2 type] 
Type domain.Team is not enhanced.

[2022-10-10 22:32:35 #3 type] 
Type domain.Event is not enhanced.

[2022-10-10 22:32:35 #4 type] 
Type domain.User is not enhanced.

[2022-10-10 22:32:35 #5 type] 
Type domain.Registered is not enhanced.

[2022-10-10 22:32:35 #6 type] 
Type domain.Sport is not enhanced.

[2022-10-10 22:32:35 #7 type] 
Type domain.Question is not enhanced.

[2022-10-10 22:32:35 #8 type] 
Type domain.Elkarrizketa is not enhanced.

[2022-10-10 22:32:35 #9 type] 
Type domain.Message is not enhanced.

[2022-10-10 22:32:36 #10 type] 
Type domain.KirolEstatistikak is not enhanced.

[2022-10-10 22:32:36 #11 type] 
Type domain.Jarraitzailea is not enhanced.

[2022-10-10 22:32:36 #12 type] 
Type domain.ApustuAnitza is not enhanced.

[2022-10-10 22:32:36 #13 type] 
Type domain.Transaction is not enhanced.

[2022-10-10 22:32:36 #14 type] 
Type domain.Quote is not enhanced.

[2022-10-10 22:32:36 #15 type] 
Type domain.Apustua is not enhanced.

[2022-10-10 22:32:36 #16 type] 
Type domain.Admin is not enhanced.

------------------------------------------------------------------------------------------------------------------------

[2022-10-10 22:33:02 #1 store] 
Database 'C:\Users\kegia\git\IS-2_Proyecto_entrega\Bets21\src\main\resources\bets.temp' is opened by 18268@kimi

[2022-10-10 22:33:02 #2 type] 
Type domain.Team is not enhanced.

[2022-10-10 22:33:02 #3 type] 
Type domain.Event is not enhanced.

[2022-10-10 22:33:02 #4 type] 
Type domain.User is not enhanced.

[2022-10-10 22:33:02 #5 type] 
Type domain.Registered is not enhanced.

[2022-10-10 22:33:02 #6 type] 
Type domain.Sport is not enhanced.

[2022-10-10 22:33:02 #7 type] 
Type domain.Question is not enhanced.

[2022-10-10 22:33:02 #8 type] 
Type domain.Elkarrizketa is not enhanced.

[2022-10-10 22:33:02 #9 type] 
Type domain.Message is not enhanced.

[2022-10-10 22:33:02 #10 type] 
Type domain.KirolEstatistikak is not enhanced.

[2022-10-10 22:33:02 #11 type] 
Type domain.Jarraitzailea is not enhanced.

[2022-10-10 22:33:02 #12 type] 
Type domain.ApustuAnitza is not enhanced.

[2022-10-10 22:33:02 #13 type] 
Type domain.Transaction is not enhanced.

[2022-10-10 22:33:02 #14 type] 
Type domain.Quote is not enhanced.

[2022-10-10 22:33:02 #15 type] 
Type domain.Apustua is not enhanced.

[2022-10-10 22:33:02 #16 type] 
Type domain.Admin is not enhanced.

------------------------------------------------------------------------------------------------------------------------

[2022-10-10 22:33:48 #1 store] 
Database 'C:\Users\kegia\git\IS-2_Proyecto_entrega\Bets21\src\main\resources\bets.temp' is opened by 18132@kimi

[2022-10-10 22:33:48 #2 type] 
Type domain.Team is not enhanced.

[2022-10-10 22:33:48 #3 type] 
Type domain.Event is not enhanced.

[2022-10-10 22:33:48 #4 type] 
Type domain.User is not enhanced.

[2022-10-10 22:33:48 #5 type] 
Type domain.Registered is not enhanced.

[2022-10-10 22:33:48 #6 type] 
Type domain.Sport is not enhanced.

[2022-10-10 22:33:48 #7 type] 
Type domain.Question is not enhanced.

[2022-10-10 22:33:48 #8 type] 
Type domain.Elkarrizketa is not enhanced.

[2022-10-10 22:33:48 #9 type] 
Type domain.Message is not enhanced.

[2022-10-10 22:33:48 #10 type] 
Type domain.KirolEstatistikak is not enhanced.

[2022-10-10 22:33:48 #11 type] 
Type domain.Jarraitzailea is not enhanced.

[2022-10-10 22:33:48 #12 type] 
Type domain.ApustuAnitza is not enhanced.

[2022-10-10 22:33:48 #13 type] 
Type domain.Transaction is not enhanced.

[2022-10-10 22:33:48 #14 type] 
Type domain.Quote is not enhanced.

[2022-10-10 22:33:48 #15 type] 
Type domain.Apustua is not enhanced.

[2022-10-10 22:33:48 #16 type] 
Type domain.Admin is not enhanced.

------------------------------------------------------------------------------------------------------------------------

[2022-10-10 22:35:39 #1 store] 
Database 'C:\Users\kegia\git\IS-2_Proyecto_entrega\Bets21\src\main\resources\bets.temp' is opened by 12292@kimi

[2022-10-10 22:35:39 #2 type] 
Type domain.Team is not enhanced.

[2022-10-10 22:35:39 #3 type] 
Type domain.Event is not enhanced.

[2022-10-10 22:35:39 #4 type] 
Type domain.User is not enhanced.

[2022-10-10 22:35:39 #5 type] 
Type domain.Registered is not enhanced.

[2022-10-10 22:35:39 #6 type] 
Type domain.Sport is not enhanced.

[2022-10-10 22:35:39 #7 type] 
Type domain.Question is not enhanced.

[2022-10-10 22:35:39 #8 type] 
Type domain.Elkarrizketa is not enhanced.

[2022-10-10 22:35:39 #9 type] 
Type domain.Message is not enhanced.

[2022-10-10 22:35:39 #10 type] 
Type domain.KirolEstatistikak is not enhanced.

[2022-10-10 22:35:39 #11 type] 
Type domain.Jarraitzailea is not enhanced.

[2022-10-10 22:35:39 #12 type] 
Type domain.ApustuAnitza is not enhanced.

[2022-10-10 22:35:39 #13 type] 
Type domain.Transaction is not enhanced.

[2022-10-10 22:35:39 #14 type] 
Type domain.Quote is not enhanced.

[2022-10-10 22:35:39 #15 type] 
Type domain.Apustua is not enhanced.

[2022-10-10 22:35:39 #16 type] 
Type domain.Admin is not enhanced.

------------------------------------------------------------------------------------------------------------------------

[2022-10-10 22:35:44 #1 store] 
Database 'C:\Users\kegia\git\IS-2_Proyecto_entrega\Bets21\src\main\resources\bets.temp' is opened by 11540@kimi

[2022-10-10 22:35:44 #2 type] 
Type domain.Team is not enhanced.

[2022-10-10 22:35:44 #3 type] 
Type domain.Event is not enhanced.

[2022-10-10 22:35:44 #4 type] 
Type domain.User is not enhanced.

[2022-10-10 22:35:44 #5 type] 
Type domain.Registered is not enhanced.

[2022-10-10 22:35:44 #6 type] 
Type domain.Sport is not enhanced.

[2022-10-10 22:35:44 #7 type] 
Type domain.Question is not enhanced.

[2022-10-10 22:35:44 #8 type] 
Type domain.Elkarrizketa is not enhanced.

[2022-10-10 22:35:44 #9 type] 
Type domain.Message is not enhanced.

[2022-10-10 22:35:44 #10 type] 
Type domain.KirolEstatistikak is not enhanced.

[2022-10-10 22:35:44 #11 type] 
Type domain.Jarraitzailea is not enhanced.

[2022-10-10 22:35:44 #12 type] 
Type domain.ApustuAnitza is not enhanced.

[2022-10-10 22:35:44 #13 type] 
Type domain.Transaction is not enhanced.

[2022-10-10 22:35:44 #14 type] 
Type domain.Quote is not enhanced.

[2022-10-10 22:35:44 #15 type] 
Type domain.Apustua is not enhanced.

[2022-10-10 22:35:44 #16 type] 
Type domain.Admin is not enhanced.

------------------------------------------------------------------------------------------------------------------------

[2022-10-10 22:36:02 #1 store] 
Database 'C:\Users\kegia\git\IS-2_Proyecto_entrega\Bets21\src\main\resources\bets.temp' is opened by 4444@kimi

[2022-10-10 22:36:02 #2 type] 
Type domain.Team is not enhanced.

[2022-10-10 22:36:02 #3 type] 
Type domain.Event is not enhanced.

[2022-10-10 22:36:02 #4 type] 
Type domain.User is not enhanced.

[2022-10-10 22:36:02 #5 type] 
Type domain.Registered is not enhanced.

[2022-10-10 22:36:02 #6 type] 
Type domain.Sport is not enhanced.

[2022-10-10 22:36:02 #7 type] 
Type domain.Question is not enhanced.

[2022-10-10 22:36:02 #8 type] 
Type domain.Elkarrizketa is not enhanced.

[2022-10-10 22:36:02 #9 type] 
Type domain.Message is not enhanced.

[2022-10-10 22:36:02 #10 type] 
Type domain.KirolEstatistikak is not enhanced.

[2022-10-10 22:36:02 #11 type] 
Type domain.Jarraitzailea is not enhanced.

[2022-10-10 22:36:02 #12 type] 
Type domain.ApustuAnitza is not enhanced.

[2022-10-10 22:36:02 #13 type] 
Type domain.Transaction is not enhanced.

[2022-10-10 22:36:02 #14 type] 
Type domain.Quote is not enhanced.

[2022-10-10 22:36:02 #15 type] 
Type domain.Apustua is not enhanced.

[2022-10-10 22:36:02 #16 type] 
Type domain.Admin is not enhanced.

------------------------------------------------------------------------------------------------------------------------

[2022-10-10 22:36:31 #1 store] 
Database 'C:\Users\kegia\git\IS-2_Proyecto_entrega\Bets21\src\main\resources\bets.temp' is opened by 928@kimi

[2022-10-10 22:36:31 #2 type] 
Type domain.Team is not enhanced.

[2022-10-10 22:36:31 #3 type] 
Type domain.Event is not enhanced.

[2022-10-10 22:36:31 #4 type] 
Type domain.User is not enhanced.

[2022-10-10 22:36:31 #5 type] 
Type domain.Registered is not enhanced.

[2022-10-10 22:36:31 #6 type] 
Type domain.Sport is not enhanced.

[2022-10-10 22:36:31 #7 type] 
Type domain.Question is not enhanced.

[2022-10-10 22:36:31 #8 type] 
Type domain.Elkarrizketa is not enhanced.

[2022-10-10 22:36:31 #9 type] 
Type domain.Message is not enhanced.

[2022-10-10 22:36:31 #10 type] 
Type domain.KirolEstatistikak is not enhanced.

[2022-10-10 22:36:31 #11 type] 
Type domain.Jarraitzailea is not enhanced.

[2022-10-10 22:36:31 #12 type] 
Type domain.ApustuAnitza is not enhanced.

[2022-10-10 22:36:32 #13 type] 
Type domain.Transaction is not enhanced.

[2022-10-10 22:36:32 #14 type] 
Type domain.Quote is not enhanced.

[2022-10-10 22:36:32 #15 type] 
Type domain.Apustua is not enhanced.

[2022-10-10 22:36:32 #16 type] 
Type domain.Admin is not enhanced.

------------------------------------------------------------------------------------------------------------------------

[2022-10-10 22:37:12 #1 store] 
Database 'C:\Users\kegia\git\IS-2_Proyecto_entrega\Bets21\src\main\resources\bets.temp' is opened by 13968@kimi

[2022-10-10 22:37:12 #2 type] 
Type domain.Team is not enhanced.

[2022-10-10 22:37:12 #3 type] 
Type domain.Event is not enhanced.

[2022-10-10 22:37:12 #4 type] 
Type domain.User is not enhanced.

[2022-10-10 22:37:12 #5 type] 
Type domain.Registered is not enhanced.

[2022-10-10 22:37:12 #6 type] 
Type domain.Sport is not enhanced.

[2022-10-10 22:37:12 #7 type] 
Type domain.Question is not enhanced.

[2022-10-10 22:37:12 #8 type] 
Type domain.Elkarrizketa is not enhanced.

[2022-10-10 22:37:12 #9 type] 
Type domain.Message is not enhanced.

[2022-10-10 22:37:12 #10 type] 
Type domain.KirolEstatistikak is not enhanced.

[2022-10-10 22:37:12 #11 type] 
Type domain.Jarraitzailea is not enhanced.

[2022-10-10 22:37:12 #12 type] 
Type domain.ApustuAnitza is not enhanced.

[2022-10-10 22:37:12 #13 type] 
Type domain.Transaction is not enhanced.

[2022-10-10 22:37:12 #14 type] 
Type domain.Quote is not enhanced.

[2022-10-10 22:37:12 #15 type] 
Type domain.Apustua is not enhanced.

[2022-10-10 22:37:12 #16 type] 
Type domain.Admin is not enhanced.

------------------------------------------------------------------------------------------------------------------------

[2022-10-10 22:39:30 #1 store] 
Database 'C:\Users\kegia\git\IS-2_Proyecto_entrega\Bets21\src\main\resources\bets.temp' is opened by 15024@kimi

[2022-10-10 22:39:30 #2 type] 
Type domain.Team is not enhanced.

[2022-10-10 22:39:30 #3 type] 
Type domain.Event is not enhanced.

[2022-10-10 22:39:30 #4 type] 
Type domain.User is not enhanced.

[2022-10-10 22:39:30 #5 type] 
Type domain.Registered is not enhanced.

[2022-10-10 22:39:30 #6 type] 
Type domain.Sport is not enhanced.

[2022-10-10 22:39:30 #7 type] 
Type domain.Question is not enhanced.

[2022-10-10 22:39:30 #8 type] 
Type domain.Elkarrizketa is not enhanced.

[2022-10-10 22:39:30 #9 type] 
Type domain.Message is not enhanced.

[2022-10-10 22:39:30 #10 type] 
Type domain.KirolEstatistikak is not enhanced.

[2022-10-10 22:39:30 #11 type] 
Type domain.Jarraitzailea is not enhanced.

[2022-10-10 22:39:30 #12 type] 
Type domain.ApustuAnitza is not enhanced.

[2022-10-10 22:39:30 #13 type] 
Type domain.Transaction is not enhanced.

[2022-10-10 22:39:30 #14 type] 
Type domain.Quote is not enhanced.

[2022-10-10 22:39:30 #15 type] 
Type domain.Apustua is not enhanced.

[2022-10-10 22:39:30 #16 type] 
Type domain.Admin is not enhanced.

------------------------------------------------------------------------------------------------------------------------

[2022-10-10 22:40:18 #1 store] 
Database 'C:\Users\kegia\git\IS-2_Proyecto_entrega\Bets21\src\main\resources\bets.temp' has been recovered (tr. 61-62)

[2022-10-10 22:40:18 #2 store] 
Database 'C:\Users\kegia\git\IS-2_Proyecto_entrega\Bets21\src\main\resources\bets.temp' is opened by 12708@kimi

[2022-10-10 22:40:18 #3 type] 
Type domain.Team is not enhanced.

[2022-10-10 22:40:18 #4 type] 
Type domain.Event is not enhanced.

[2022-10-10 22:40:18 #5 type] 
Type domain.User is not enhanced.

[2022-10-10 22:40:18 #6 type] 
Type domain.Registered is not enhanced.

[2022-10-10 22:40:18 #7 type] 
Type domain.Sport is not enhanced.

[2022-10-10 22:40:18 #8 type] 
Type domain.Question is not enhanced.

[2022-10-10 22:40:18 #9 type] 
Type domain.Elkarrizketa is not enhanced.

[2022-10-10 22:40:18 #10 type] 
Type domain.Message is not enhanced.

[2022-10-10 22:40:18 #11 type] 
Type domain.KirolEstatistikak is not enhanced.

[2022-10-10 22:40:18 #12 type] 
Type domain.Jarraitzailea is not enhanced.

[2022-10-10 22:40:18 #13 type] 
Type domain.ApustuAnitza is not enhanced.

[2022-10-10 22:40:18 #14 type] 
Type domain.Transaction is not enhanced.

[2022-10-10 22:40:18 #15 type] 
Type domain.Quote is not enhanced.

[2022-10-10 22:40:18 #16 type] 
Type domain.Apustua is not enhanced.

[2022-10-10 22:40:18 #17 type] 
Type domain.Admin is not enhanced.

------------------------------------------------------------------------------------------------------------------------

[2022-10-10 22:43:54 #1 store] 
Database 'C:\Users\kegia\git\IS-2_Proyecto_entrega\Bets21\src\main\resources\bets.temp' is opened by 3764@kimi

[2022-10-10 22:43:54 #2 type] 
Type domain.Team is not enhanced.

[2022-10-10 22:43:54 #3 type] 
Type domain.Event is not enhanced.

[2022-10-10 22:43:54 #4 type] 
Type domain.User is not enhanced.

[2022-10-10 22:43:54 #5 type] 
Type domain.Registered is not enhanced.

[2022-10-10 22:43:54 #6 type] 
Type domain.Sport is not enhanced.

[2022-10-10 22:43:54 #7 type] 
Type domain.Question is not enhanced.

[2022-10-10 22:43:54 #8 type] 
Type domain.Elkarrizketa is not enhanced.

[2022-10-10 22:43:54 #9 type] 
Type domain.Message is not enhanced.

[2022-10-10 22:43:54 #10 type] 
Type domain.KirolEstatistikak is not enhanced.

[2022-10-10 22:43:54 #11 type] 
Type domain.Jarraitzailea is not enhanced.

[2022-10-10 22:43:54 #12 type] 
Type domain.ApustuAnitza is not enhanced.

[2022-10-10 22:43:54 #13 type] 
Type domain.Transaction is not enhanced.

[2022-10-10 22:43:54 #14 type] 
Type domain.Quote is not enhanced.

[2022-10-10 22:43:54 #15 type] 
Type domain.Apustua is not enhanced.

[2022-10-10 22:43:54 #16 type] 
Type domain.Admin is not enhanced.

------------------------------------------------------------------------------------------------------------------------

[2022-10-10 22:44:27 #1 store] 
Database 'C:\Users\kegia\git\IS-2_Proyecto_entrega\Bets21\src\main\resources\bets.temp' is opened by 6052@kimi

[2022-10-10 22:44:27 #2 type] 
Type domain.Team is not enhanced.

[2022-10-10 22:44:27 #3 type] 
Type domain.Event is not enhanced.

[2022-10-10 22:44:27 #4 type] 
Type domain.User is not enhanced.

[2022-10-10 22:44:27 #5 type] 
Type domain.Registered is not enhanced.

[2022-10-10 22:44:27 #6 type] 
Type domain.Sport is not enhanced.

[2022-10-10 22:44:27 #7 type] 
Type domain.Question is not enhanced.

[2022-10-10 22:44:27 #8 type] 
Type domain.Elkarrizketa is not enhanced.

[2022-10-10 22:44:27 #9 type] 
Type domain.Message is not enhanced.

[2022-10-10 22:44:27 #10 type] 
Type domain.KirolEstatistikak is not enhanced.

[2022-10-10 22:44:27 #11 type] 
Type domain.Jarraitzailea is not enhanced.

[2022-10-10 22:44:27 #12 type] 
Type domain.ApustuAnitza is not enhanced.

[2022-10-10 22:44:27 #13 type] 
Type domain.Transaction is not enhanced.

[2022-10-10 22:44:27 #14 type] 
Type domain.Quote is not enhanced.

[2022-10-10 22:44:27 #15 type] 
Type domain.Apustua is not enhanced.

[2022-10-10 22:44:27 #16 type] 
Type domain.Admin is not enhanced.

------------------------------------------------------------------------------------------------------------------------

[2022-10-10 22:44:51 #1 store] 
Database 'C:\Users\kegia\git\IS-2_Proyecto_entrega\Bets21\src\main\resources\bets.temp' is opened by 10824@kimi

[2022-10-10 22:44:51 #2 type] 
Type domain.Team is not enhanced.

[2022-10-10 22:44:51 #3 type] 
Type domain.Event is not enhanced.

[2022-10-10 22:44:51 #4 type] 
Type domain.User is not enhanced.

[2022-10-10 22:44:51 #5 type] 
Type domain.Registered is not enhanced.

[2022-10-10 22:44:51 #6 type] 
Type domain.Sport is not enhanced.

[2022-10-10 22:44:51 #7 type] 
Type domain.Question is not enhanced.

[2022-10-10 22:44:51 #8 type] 
Type domain.Elkarrizketa is not enhanced.

[2022-10-10 22:44:51 #9 type] 
Type domain.Message is not enhanced.

[2022-10-10 22:44:51 #10 type] 
Type domain.KirolEstatistikak is not enhanced.

[2022-10-10 22:44:51 #11 type] 
Type domain.Jarraitzailea is not enhanced.

[2022-10-10 22:44:51 #12 type] 
Type domain.ApustuAnitza is not enhanced.

[2022-10-10 22:44:51 #13 type] 
Type domain.Transaction is not enhanced.

[2022-10-10 22:44:51 #14 type] 
Type domain.Quote is not enhanced.

[2022-10-10 22:44:51 #15 type] 
Type domain.Apustua is not enhanced.

[2022-10-10 22:44:51 #16 type] 
Type domain.Admin is not enhanced.

------------------------------------------------------------------------------------------------------------------------

[2022-10-10 22:45:15 #1 store] 
Database 'C:\Users\kegia\git\IS-2_Proyecto_entrega\Bets21\src\main\resources\bets.temp' is opened by 17724@kimi

[2022-10-10 22:45:15 #2 type] 
Type domain.Team is not enhanced.

[2022-10-10 22:45:15 #3 type] 
Type domain.Event is not enhanced.

[2022-10-10 22:45:15 #4 type] 
Type domain.User is not enhanced.

[2022-10-10 22:45:15 #5 type] 
Type domain.Registered is not enhanced.

[2022-10-10 22:45:15 #6 type] 
Type domain.Sport is not enhanced.

[2022-10-10 22:45:15 #7 type] 
Type domain.Question is not enhanced.

[2022-10-10 22:45:15 #8 type] 
Type domain.Elkarrizketa is not enhanced.

[2022-10-10 22:45:15 #9 type] 
Type domain.Message is not enhanced.

[2022-10-10 22:45:15 #10 type] 
Type domain.KirolEstatistikak is not enhanced.

[2022-10-10 22:45:15 #11 type] 
Type domain.Jarraitzailea is not enhanced.

[2022-10-10 22:45:15 #12 type] 
Type domain.ApustuAnitza is not enhanced.

[2022-10-10 22:45:15 #13 type] 
Type domain.Transaction is not enhanced.

[2022-10-10 22:45:15 #14 type] 
Type domain.Quote is not enhanced.

[2022-10-10 22:45:15 #15 type] 
Type domain.Apustua is not enhanced.

[2022-10-10 22:45:15 #16 type] 
Type domain.Admin is not enhanced.

------------------------------------------------------------------------------------------------------------------------

[2022-10-10 22:45:35 #1 store] 
Database 'C:\Users\kegia\git\IS-2_Proyecto_entrega\Bets21\src\main\resources\bets.temp' is opened by 1112@kimi

[2022-10-10 22:45:35 #2 type] 
Type domain.Team is not enhanced.

[2022-10-10 22:45:35 #3 type] 
Type domain.Event is not enhanced.

[2022-10-10 22:45:35 #4 type] 
Type domain.User is not enhanced.

[2022-10-10 22:45:35 #5 type] 
Type domain.Registered is not enhanced.

[2022-10-10 22:45:35 #6 type] 
Type domain.Sport is not enhanced.

[2022-10-10 22:45:35 #7 type] 
Type domain.Question is not enhanced.

[2022-10-10 22:45:35 #8 type] 
Type domain.Elkarrizketa is not enhanced.

[2022-10-10 22:45:35 #9 type] 
Type domain.Message is not enhanced.

[2022-10-10 22:45:35 #10 type] 
Type domain.KirolEstatistikak is not enhanced.

[2022-10-10 22:45:35 #11 type] 
Type domain.Jarraitzailea is not enhanced.

[2022-10-10 22:45:35 #12 type] 
Type domain.ApustuAnitza is not enhanced.

[2022-10-10 22:45:35 #13 type] 
Type domain.Transaction is not enhanced.

[2022-10-10 22:45:35 #14 type] 
Type domain.Quote is not enhanced.

[2022-10-10 22:45:35 #15 type] 
Type domain.Apustua is not enhanced.

[2022-10-10 22:45:35 #16 type] 
Type domain.Admin is not enhanced.

------------------------------------------------------------------------------------------------------------------------

[2022-10-10 22:45:39 #1 store] 
Database 'C:\Users\kegia\git\IS-2_Proyecto_entrega\Bets21\src\main\resources\bets.temp' is opened by 7868@kimi

[2022-10-10 22:45:39 #2 type] 
Type domain.Team is not enhanced.

[2022-10-10 22:45:39 #3 type] 
Type domain.Event is not enhanced.

[2022-10-10 22:45:39 #4 type] 
Type domain.User is not enhanced.

[2022-10-10 22:45:39 #5 type] 
Type domain.Registered is not enhanced.

[2022-10-10 22:45:39 #6 type] 
Type domain.Sport is not enhanced.

[2022-10-10 22:45:39 #7 type] 
Type domain.Question is not enhanced.

[2022-10-10 22:45:39 #8 type] 
Type domain.Elkarrizketa is not enhanced.

[2022-10-10 22:45:39 #9 type] 
Type domain.Message is not enhanced.

[2022-10-10 22:45:39 #10 type] 
Type domain.KirolEstatistikak is not enhanced.

[2022-10-10 22:45:39 #11 type] 
Type domain.Jarraitzailea is not enhanced.

[2022-10-10 22:45:39 #12 type] 
Type domain.ApustuAnitza is not enhanced.

[2022-10-10 22:45:39 #13 type] 
Type domain.Transaction is not enhanced.

[2022-10-10 22:45:39 #14 type] 
Type domain.Quote is not enhanced.

[2022-10-10 22:45:39 #15 type] 
Type domain.Apustua is not enhanced.

[2022-10-10 22:45:39 #16 type] 
Type domain.Admin is not enhanced.

------------------------------------------------------------------------------------------------------------------------

[2022-10-10 22:46:34 #1 store] 
Database 'C:\Users\kegia\git\IS-2_Proyecto_entrega\Bets21\src\main\resources\bets.temp' is opened by 6304@kimi

[2022-10-10 22:46:34 #2 type] 
Type domain.Team is not enhanced.

[2022-10-10 22:46:34 #3 type] 
Type domain.Event is not enhanced.

[2022-10-10 22:46:34 #4 type] 
Type domain.User is not enhanced.

[2022-10-10 22:46:34 #5 type] 
Type domain.Registered is not enhanced.

[2022-10-10 22:46:34 #6 type] 
Type domain.Sport is not enhanced.

[2022-10-10 22:46:34 #7 type] 
Type domain.Question is not enhanced.

[2022-10-10 22:46:34 #8 type] 
Type domain.Elkarrizketa is not enhanced.

[2022-10-10 22:46:34 #9 type] 
Type domain.Message is not enhanced.

[2022-10-10 22:46:34 #10 type] 
Type domain.KirolEstatistikak is not enhanced.

[2022-10-10 22:46:34 #11 type] 
Type domain.Jarraitzailea is not enhanced.

[2022-10-10 22:46:34 #12 type] 
Type domain.ApustuAnitza is not enhanced.

[2022-10-10 22:46:34 #13 type] 
Type domain.Transaction is not enhanced.

[2022-10-10 22:46:34 #14 type] 
Type domain.Quote is not enhanced.

[2022-10-10 22:46:34 #15 type] 
Type domain.Apustua is not enhanced.

[2022-10-10 22:46:34 #16 type] 
Type domain.Admin is not enhanced.

------------------------------------------------------------------------------------------------------------------------

[2022-10-10 22:47:04 #1 store] 
Database 'C:\Users\kegia\git\IS-2_Proyecto_entrega\Bets21\src\main\resources\bets.temp' is opened by 15072@kimi

[2022-10-10 22:47:04 #2 type] 
Type domain.Team is not enhanced.

[2022-10-10 22:47:04 #3 type] 
Type domain.Event is not enhanced.

[2022-10-10 22:47:04 #4 type] 
Type domain.User is not enhanced.

[2022-10-10 22:47:04 #5 type] 
Type domain.Registered is not enhanced.

[2022-10-10 22:47:04 #6 type] 
Type domain.Sport is not enhanced.

[2022-10-10 22:47:04 #7 type] 
Type domain.Question is not enhanced.

[2022-10-10 22:47:04 #8 type] 
Type domain.Elkarrizketa is not enhanced.

[2022-10-10 22:47:04 #9 type] 
Type domain.Message is not enhanced.

[2022-10-10 22:47:04 #10 type] 
Type domain.KirolEstatistikak is not enhanced.

[2022-10-10 22:47:04 #11 type] 
Type domain.Jarraitzailea is not enhanced.

[2022-10-10 22:47:04 #12 type] 
Type domain.ApustuAnitza is not enhanced.

[2022-10-10 22:47:04 #13 type] 
Type domain.Transaction is not enhanced.

[2022-10-10 22:47:04 #14 type] 
Type domain.Quote is not enhanced.

[2022-10-10 22:47:04 #15 type] 
Type domain.Apustua is not enhanced.

[2022-10-10 22:47:04 #16 type] 
Type domain.Admin is not enhanced.

------------------------------------------------------------------------------------------------------------------------

[2022-10-10 22:48:27 #1 store] 
Database 'C:\Users\kegia\git\IS-2_Proyecto_entrega\Bets21\src\main\resources\bets.temp' is opened by 9312@kimi

[2022-10-10 22:48:27 #2 type] 
Type domain.Team is not enhanced.

[2022-10-10 22:48:27 #3 type] 
Type domain.Event is not enhanced.

[2022-10-10 22:48:27 #4 type] 
Type domain.User is not enhanced.

[2022-10-10 22:48:27 #5 type] 
Type domain.Registered is not enhanced.

[2022-10-10 22:48:27 #6 type] 
Type domain.Sport is not enhanced.

[2022-10-10 22:48:27 #7 type] 
Type domain.Question is not enhanced.

[2022-10-10 22:48:27 #8 type] 
Type domain.Elkarrizketa is not enhanced.

[2022-10-10 22:48:27 #9 type] 
Type domain.Message is not enhanced.

[2022-10-10 22:48:27 #10 type] 
Type domain.KirolEstatistikak is not enhanced.

[2022-10-10 22:48:27 #11 type] 
Type domain.Jarraitzailea is not enhanced.

[2022-10-10 22:48:27 #12 type] 
Type domain.ApustuAnitza is not enhanced.

[2022-10-10 22:48:27 #13 type] 
Type domain.Transaction is not enhanced.

[2022-10-10 22:48:27 #14 type] 
Type domain.Quote is not enhanced.

[2022-10-10 22:48:27 #15 type] 
Type domain.Apustua is not enhanced.

[2022-10-10 22:48:27 #16 type] 
Type domain.Admin is not enhanced.

------------------------------------------------------------------------------------------------------------------------

[2022-10-10 22:48:56 #1 store] 
Database 'C:\Users\kegia\git\IS-2_Proyecto_entrega\Bets21\src\main\resources\bets.temp' is opened by 18384@kimi

[2022-10-10 22:48:56 #2 type] 
Type domain.Team is not enhanced.

[2022-10-10 22:48:56 #3 type] 
Type domain.Event is not enhanced.

[2022-10-10 22:48:56 #4 type] 
Type domain.User is not enhanced.

[2022-10-10 22:48:56 #5 type] 
Type domain.Registered is not enhanced.

[2022-10-10 22:48:56 #6 type] 
Type domain.Sport is not enhanced.

[2022-10-10 22:48:56 #7 type] 
Type domain.Question is not enhanced.

[2022-10-10 22:48:56 #8 type] 
Type domain.Elkarrizketa is not enhanced.

[2022-10-10 22:48:56 #9 type] 
Type domain.Message is not enhanced.

[2022-10-10 22:48:56 #10 type] 
Type domain.KirolEstatistikak is not enhanced.

[2022-10-10 22:48:56 #11 type] 
Type domain.Jarraitzailea is not enhanced.

[2022-10-10 22:48:56 #12 type] 
Type domain.ApustuAnitza is not enhanced.

[2022-10-10 22:48:56 #13 type] 
Type domain.Transaction is not enhanced.

[2022-10-10 22:48:56 #14 type] 
Type domain.Quote is not enhanced.

[2022-10-10 22:48:56 #15 type] 
Type domain.Apustua is not enhanced.

[2022-10-10 22:48:56 #16 type] 
Type domain.Admin is not enhanced.

------------------------------------------------------------------------------------------------------------------------

[2022-10-10 22:50:08 #1 store] 
Database 'C:\Users\kegia\git\IS-2_Proyecto_entrega\Bets21\src\main\resources\bets.temp' is opened by 12028@kimi

[2022-10-10 22:50:08 #2 type] 
Type domain.Team is not enhanced.

[2022-10-10 22:50:08 #3 type] 
Type domain.Event is not enhanced.

[2022-10-10 22:50:08 #4 type] 
Type domain.User is not enhanced.

[2022-10-10 22:50:08 #5 type] 
Type domain.Registered is not enhanced.

[2022-10-10 22:50:08 #6 type] 
Type domain.Sport is not enhanced.

[2022-10-10 22:50:08 #7 type] 
Type domain.Question is not enhanced.

[2022-10-10 22:50:08 #8 type] 
Type domain.Elkarrizketa is not enhanced.

[2022-10-10 22:50:08 #9 type] 
Type domain.Message is not enhanced.

[2022-10-10 22:50:08 #10 type] 
Type domain.KirolEstatistikak is not enhanced.

[2022-10-10 22:50:08 #11 type] 
Type domain.Jarraitzailea is not enhanced.

[2022-10-10 22:50:08 #12 type] 
Type domain.ApustuAnitza is not enhanced.

[2022-10-10 22:50:08 #13 type] 
Type domain.Transaction is not enhanced.

[2022-10-10 22:50:08 #14 type] 
Type domain.Quote is not enhanced.

[2022-10-10 22:50:08 #15 type] 
Type domain.Apustua is not enhanced.

[2022-10-10 22:50:08 #16 type] 
Type domain.Admin is not enhanced.

------------------------------------------------------------------------------------------------------------------------

[2022-10-10 22:50:19 #1 store] 
Database 'C:\Users\kegia\git\IS-2_Proyecto_entrega\Bets21\src\main\resources\bets.temp' is opened by 14512@kimi

[2022-10-10 22:50:19 #2 type] 
Type domain.Team is not enhanced.

[2022-10-10 22:50:19 #3 type] 
Type domain.Event is not enhanced.

[2022-10-10 22:50:19 #4 type] 
Type domain.User is not enhanced.

[2022-10-10 22:50:19 #5 type] 
Type domain.Registered is not enhanced.

[2022-10-10 22:50:19 #6 type] 
Type domain.Sport is not enhanced.

[2022-10-10 22:50:19 #7 type] 
Type domain.Question is not enhanced.

[2022-10-10 22:50:19 #8 type] 
Type domain.Elkarrizketa is not enhanced.

[2022-10-10 22:50:19 #9 type] 
Type domain.Message is not enhanced.

[2022-10-10 22:50:19 #10 type] 
Type domain.KirolEstatistikak is not enhanced.

[2022-10-10 22:50:19 #11 type] 
Type domain.Jarraitzailea is not enhanced.

[2022-10-10 22:50:19 #12 type] 
Type domain.ApustuAnitza is not enhanced.

[2022-10-10 22:50:19 #13 type] 
Type domain.Transaction is not enhanced.

[2022-10-10 22:50:19 #14 type] 
Type domain.Quote is not enhanced.

[2022-10-10 22:50:19 #15 type] 
Type domain.Apustua is not enhanced.

[2022-10-10 22:50:19 #16 type] 
Type domain.Admin is not enhanced.

------------------------------------------------------------------------------------------------------------------------

[2022-10-10 22:53:18 #1 store] 
Database 'C:\Users\kegia\git\IS-2_Proyecto_entrega\Bets21\src\main\resources\bets.temp' is opened by 3088@kimi

[2022-10-10 22:53:18 #2 type] 
Type domain.Team is not enhanced.

[2022-10-10 22:53:18 #3 type] 
Type domain.Event is not enhanced.

[2022-10-10 22:53:18 #4 type] 
Type domain.User is not enhanced.

[2022-10-10 22:53:18 #5 type] 
Type domain.Registered is not enhanced.

[2022-10-10 22:53:18 #6 type] 
Type domain.Sport is not enhanced.

[2022-10-10 22:53:18 #7 type] 
Type domain.Question is not enhanced.

[2022-10-10 22:53:18 #8 type] 
Type domain.Elkarrizketa is not enhanced.

[2022-10-10 22:53:18 #9 type] 
Type domain.Message is not enhanced.

[2022-10-10 22:53:18 #10 type] 
Type domain.KirolEstatistikak is not enhanced.

[2022-10-10 22:53:18 #11 type] 
Type domain.Jarraitzailea is not enhanced.

[2022-10-10 22:53:18 #12 type] 
Type domain.ApustuAnitza is not enhanced.

[2022-10-10 22:53:18 #13 type] 
Type domain.Transaction is not enhanced.

[2022-10-10 22:53:18 #14 type] 
Type domain.Quote is not enhanced.

[2022-10-10 22:53:18 #15 type] 
Type domain.Apustua is not enhanced.

[2022-10-10 22:53:18 #16 type] 
Type domain.Admin is not enhanced.

------------------------------------------------------------------------------------------------------------------------

[2022-10-10 22:54:08 #1 store] 
Database 'C:\Users\kegia\git\IS-2_Proyecto_entrega\Bets21\src\main\resources\bets.temp' is opened by 13932@kimi

[2022-10-10 22:54:08 #2 type] 
Type domain.Team is not enhanced.

[2022-10-10 22:54:08 #3 type] 
Type domain.Event is not enhanced.

[2022-10-10 22:54:08 #4 type] 
Type domain.User is not enhanced.

[2022-10-10 22:54:08 #5 type] 
Type domain.Registered is not enhanced.

[2022-10-10 22:54:08 #6 type] 
Type domain.Sport is not enhanced.

[2022-10-10 22:54:08 #7 type] 
Type domain.Question is not enhanced.

[2022-10-10 22:54:08 #8 type] 
Type domain.Elkarrizketa is not enhanced.

[2022-10-10 22:54:08 #9 type] 
Type domain.Message is not enhanced.

[2022-10-10 22:54:08 #10 type] 
Type domain.KirolEstatistikak is not enhanced.

[2022-10-10 22:54:08 #11 type] 
Type domain.Jarraitzailea is not enhanced.

[2022-10-10 22:54:08 #12 type] 
Type domain.ApustuAnitza is not enhanced.

[2022-10-10 22:54:08 #13 type] 
Type domain.Transaction is not enhanced.

[2022-10-10 22:54:08 #14 type] 
Type domain.Quote is not enhanced.

[2022-10-10 22:54:08 #15 type] 
Type domain.Apustua is not enhanced.

[2022-10-10 22:54:08 #16 type] 
Type domain.Admin is not enhanced.

------------------------------------------------------------------------------------------------------------------------

[2022-10-10 22:54:44 #1 store] 
Database 'C:\Users\kegia\git\IS-2_Proyecto_entrega\Bets21\src\main\resources\bets.temp' has been recovered (tr. 63-64)

[2022-10-10 22:54:44 #2 store] 
Database 'C:\Users\kegia\git\IS-2_Proyecto_entrega\Bets21\src\main\resources\bets.temp' is opened by 14244@kimi

[2022-10-10 22:54:44 #3 type] 
Type domain.Team is not enhanced.

[2022-10-10 22:54:44 #4 type] 
Type domain.Event is not enhanced.

[2022-10-10 22:54:44 #5 type] 
Type domain.User is not enhanced.

[2022-10-10 22:54:44 #6 type] 
Type domain.Registered is not enhanced.

[2022-10-10 22:54:44 #7 type] 
Type domain.Sport is not enhanced.

[2022-10-10 22:54:45 #8 type] 
Type domain.Question is not enhanced.

[2022-10-10 22:54:45 #9 type] 
Type domain.Elkarrizketa is not enhanced.

[2022-10-10 22:54:45 #10 type] 
Type domain.Message is not enhanced.

[2022-10-10 22:54:45 #11 type] 
Type domain.KirolEstatistikak is not enhanced.

[2022-10-10 22:54:45 #12 type] 
Type domain.Jarraitzailea is not enhanced.

[2022-10-10 22:54:45 #13 type] 
Type domain.ApustuAnitza is not enhanced.

[2022-10-10 22:54:45 #14 type] 
Type domain.Transaction is not enhanced.

[2022-10-10 22:54:45 #15 type] 
Type domain.Quote is not enhanced.

[2022-10-10 22:54:45 #16 type] 
Type domain.Apustua is not enhanced.

[2022-10-10 22:54:45 #17 type] 
Type domain.Admin is not enhanced.

------------------------------------------------------------------------------------------------------------------------

[2022-10-10 22:57:39 #1 store] 
Database 'C:\Users\kegia\git\IS-2_Proyecto_entrega\Bets21\src\main\resources\bets.temp' has been recovered (tr. 65-66)

[2022-10-10 22:57:39 #2 store] 
Database 'C:\Users\kegia\git\IS-2_Proyecto_entrega\Bets21\src\main\resources\bets.temp' is opened by 10388@kimi

[2022-10-10 22:57:39 #3 type] 
Type domain.Team is not enhanced.

[2022-10-10 22:57:39 #4 type] 
Type domain.Event is not enhanced.

[2022-10-10 22:57:39 #5 type] 
Type domain.User is not enhanced.

[2022-10-10 22:57:39 #6 type] 
Type domain.Registered is not enhanced.

[2022-10-10 22:57:39 #7 type] 
Type domain.Sport is not enhanced.

[2022-10-10 22:57:39 #8 type] 
Type domain.Question is not enhanced.

[2022-10-10 22:57:39 #9 type] 
Type domain.Elkarrizketa is not enhanced.

[2022-10-10 22:57:39 #10 type] 
Type domain.Message is not enhanced.

[2022-10-10 22:57:39 #11 type] 
Type domain.KirolEstatistikak is not enhanced.

[2022-10-10 22:57:39 #12 type] 
Type domain.Jarraitzailea is not enhanced.

[2022-10-10 22:57:39 #13 type] 
Type domain.ApustuAnitza is not enhanced.

[2022-10-10 22:57:39 #14 type] 
Type domain.Transaction is not enhanced.

[2022-10-10 22:57:39 #15 type] 
Type domain.Quote is not enhanced.

[2022-10-10 22:57:39 #16 type] 
Type domain.Apustua is not enhanced.

[2022-10-10 22:57:39 #17 type] 
Type domain.Admin is not enhanced.

------------------------------------------------------------------------------------------------------------------------

[2022-10-10 22:59:49 #1 store] 
Database 'C:\Users\kegia\git\IS-2_Proyecto_entrega\Bets21\src\main\resources\bets.temp' has been recovered (tr. 67-70)

[2022-10-10 22:59:49 #2 store] 
Database 'C:\Users\kegia\git\IS-2_Proyecto_entrega\Bets21\src\main\resources\bets.temp' is opened by 4388@kimi

[2022-10-10 22:59:49 #3 type] 
Type domain.Team is not enhanced.

[2022-10-10 22:59:49 #4 type] 
Type domain.Event is not enhanced.

[2022-10-10 22:59:49 #5 type] 
Type domain.User is not enhanced.

[2022-10-10 22:59:49 #6 type] 
Type domain.Registered is not enhanced.

[2022-10-10 22:59:49 #7 type] 
Type domain.Sport is not enhanced.

[2022-10-10 22:59:49 #8 type] 
Type domain.Question is not enhanced.

[2022-10-10 22:59:49 #9 type] 
Type domain.Elkarrizketa is not enhanced.

[2022-10-10 22:59:49 #10 type] 
Type domain.Message is not enhanced.

[2022-10-10 22:59:49 #11 type] 
Type domain.KirolEstatistikak is not enhanced.

[2022-10-10 22:59:49 #12 type] 
Type domain.Jarraitzailea is not enhanced.

[2022-10-10 22:59:49 #13 type] 
Type domain.ApustuAnitza is not enhanced.

[2022-10-10 22:59:49 #14 type] 
Type domain.Transaction is not enhanced.

[2022-10-10 22:59:49 #15 type] 
Type domain.Quote is not enhanced.

[2022-10-10 22:59:49 #16 type] 
Type domain.Apustua is not enhanced.

[2022-10-10 22:59:49 #17 type] 
Type domain.Admin is not enhanced.

------------------------------------------------------------------------------------------------------------------------

[2022-10-10 23:00:01 #1 store] 
Database 'C:\Users\kegia\git\IS-2_Proyecto_entrega\Bets21\src\main\resources\bets.temp' is opened by 11436@kimi

[2022-10-10 23:00:01 #2 type] 
Type domain.Team is not enhanced.

[2022-10-10 23:00:01 #3 type] 
Type domain.Event is not enhanced.

[2022-10-10 23:00:01 #4 type] 
Type domain.User is not enhanced.

[2022-10-10 23:00:01 #5 type] 
Type domain.Registered is not enhanced.

[2022-10-10 23:00:01 #6 type] 
Type domain.Sport is not enhanced.

[2022-10-10 23:00:01 #7 type] 
Type domain.Question is not enhanced.

[2022-10-10 23:00:01 #8 type] 
Type domain.Elkarrizketa is not enhanced.

[2022-10-10 23:00:01 #9 type] 
Type domain.Message is not enhanced.

[2022-10-10 23:00:01 #10 type] 
Type domain.KirolEstatistikak is not enhanced.

[2022-10-10 23:00:01 #11 type] 
Type domain.Jarraitzailea is not enhanced.

[2022-10-10 23:00:01 #12 type] 
Type domain.ApustuAnitza is not enhanced.

[2022-10-10 23:00:01 #13 type] 
Type domain.Transaction is not enhanced.

[2022-10-10 23:00:01 #14 type] 
Type domain.Quote is not enhanced.

[2022-10-10 23:00:01 #15 type] 
Type domain.Apustua is not enhanced.

[2022-10-10 23:00:01 #16 type] 
Type domain.Admin is not enhanced.

------------------------------------------------------------------------------------------------------------------------

[2022-10-10 23:00:42 #1 store] 
Database 'C:\Users\kegia\git\IS-2_Proyecto_entrega\Bets21\src\main\resources\bets.temp' is opened by 10528@kimi

[2022-10-10 23:00:42 #2 type] 
Type domain.Team is not enhanced.

[2022-10-10 23:00:42 #3 type] 
Type domain.Event is not enhanced.

[2022-10-10 23:00:42 #4 type] 
Type domain.User is not enhanced.

[2022-10-10 23:00:42 #5 type] 
Type domain.Registered is not enhanced.

[2022-10-10 23:00:42 #6 type] 
Type domain.Sport is not enhanced.

[2022-10-10 23:00:42 #7 type] 
Type domain.Question is not enhanced.

[2022-10-10 23:00:42 #8 type] 
Type domain.Elkarrizketa is not enhanced.

[2022-10-10 23:00:42 #9 type] 
Type domain.Message is not enhanced.

[2022-10-10 23:00:42 #10 type] 
Type domain.KirolEstatistikak is not enhanced.

[2022-10-10 23:00:42 #11 type] 
Type domain.Jarraitzailea is not enhanced.

[2022-10-10 23:00:42 #12 type] 
Type domain.ApustuAnitza is not enhanced.

[2022-10-10 23:00:42 #13 type] 
Type domain.Transaction is not enhanced.

[2022-10-10 23:00:42 #14 type] 
Type domain.Quote is not enhanced.

[2022-10-10 23:00:42 #15 type] 
Type domain.Apustua is not enhanced.

[2022-10-10 23:00:42 #16 type] 
Type domain.Admin is not enhanced.

------------------------------------------------------------------------------------------------------------------------

[2022-10-10 23:04:33 #1 store] 
Database 'C:\Users\kegia\git\IS-2_Proyecto_entrega\Bets21\src\main\resources\bets.temp' has been recovered (tr. 71-71)

[2022-10-10 23:04:33 #2 store] 
Database 'C:\Users\kegia\git\IS-2_Proyecto_entrega\Bets21\src\main\resources\bets.temp' is opened by 15868@kimi

[2022-10-10 23:04:33 #3 type] 
Type domain.Team is not enhanced.

[2022-10-10 23:04:33 #4 type] 
Type domain.Event is not enhanced.

[2022-10-10 23:04:33 #5 type] 
Type domain.User is not enhanced.

[2022-10-10 23:04:33 #6 type] 
Type domain.Registered is not enhanced.

[2022-10-10 23:04:33 #7 type] 
Type domain.Sport is not enhanced.

[2022-10-10 23:04:33 #8 type] 
Type domain.Question is not enhanced.

[2022-10-10 23:04:33 #9 type] 
Type domain.Elkarrizketa is not enhanced.

[2022-10-10 23:04:33 #10 type] 
Type domain.Message is not enhanced.

[2022-10-10 23:04:33 #11 type] 
Type domain.KirolEstatistikak is not enhanced.

[2022-10-10 23:04:33 #12 type] 
Type domain.Jarraitzailea is not enhanced.

[2022-10-10 23:04:33 #13 type] 
Type domain.ApustuAnitza is not enhanced.

[2022-10-10 23:04:33 #14 type] 
Type domain.Transaction is not enhanced.

[2022-10-10 23:04:33 #15 type] 
Type domain.Quote is not enhanced.

[2022-10-10 23:04:33 #16 type] 
Type domain.Apustua is not enhanced.

[2022-10-10 23:04:33 #17 type] 
Type domain.Admin is not enhanced.

------------------------------------------------------------------------------------------------------------------------

[2022-10-10 23:04:48 #1 store] 
Database 'C:\Users\kegia\git\IS-2_Proyecto_entrega\Bets21\src\main\resources\bets.temp' is opened by 4156@kimi

[2022-10-10 23:04:48 #2 type] 
Type domain.Team is not enhanced.

[2022-10-10 23:04:48 #3 type] 
Type domain.Event is not enhanced.

[2022-10-10 23:04:48 #4 type] 
Type domain.User is not enhanced.

[2022-10-10 23:04:48 #5 type] 
Type domain.Registered is not enhanced.

[2022-10-10 23:04:48 #6 type] 
Type domain.Sport is not enhanced.

[2022-10-10 23:04:48 #7 type] 
Type domain.Question is not enhanced.

[2022-10-10 23:04:48 #8 type] 
Type domain.Elkarrizketa is not enhanced.

[2022-10-10 23:04:48 #9 type] 
Type domain.Message is not enhanced.

[2022-10-10 23:04:48 #10 type] 
Type domain.KirolEstatistikak is not enhanced.

[2022-10-10 23:04:48 #11 type] 
Type domain.Jarraitzailea is not enhanced.

[2022-10-10 23:04:48 #12 type] 
Type domain.ApustuAnitza is not enhanced.

[2022-10-10 23:04:48 #13 type] 
Type domain.Transaction is not enhanced.

[2022-10-10 23:04:48 #14 type] 
Type domain.Quote is not enhanced.

[2022-10-10 23:04:48 #15 type] 
Type domain.Apustua is not enhanced.

[2022-10-10 23:04:48 #16 type] 
Type domain.Admin is not enhanced.

------------------------------------------------------------------------------------------------------------------------

[2022-10-10 23:05:17 #1 store] 
Database 'C:\Users\kegia\git\IS-2_Proyecto_entrega\Bets21\src\main\resources\bets.temp' is opened by 17532@kimi

[2022-10-10 23:05:17 #2 type] 
Type domain.Team is not enhanced.

[2022-10-10 23:05:17 #3 type] 
Type domain.Event is not enhanced.

[2022-10-10 23:05:17 #4 type] 
Type domain.User is not enhanced.

[2022-10-10 23:05:17 #5 type] 
Type domain.Registered is not enhanced.

[2022-10-10 23:05:17 #6 type] 
Type domain.Sport is not enhanced.

[2022-10-10 23:05:17 #7 type] 
Type domain.Question is not enhanced.

[2022-10-10 23:05:17 #8 type] 
Type domain.Elkarrizketa is not enhanced.

[2022-10-10 23:05:17 #9 type] 
Type domain.Message is not enhanced.

[2022-10-10 23:05:17 #10 type] 
Type domain.KirolEstatistikak is not enhanced.

[2022-10-10 23:05:17 #11 type] 
Type domain.Jarraitzailea is not enhanced.

[2022-10-10 23:05:17 #12 type] 
Type domain.ApustuAnitza is not enhanced.

[2022-10-10 23:05:17 #13 type] 
Type domain.Transaction is not enhanced.

[2022-10-10 23:05:17 #14 type] 
Type domain.Quote is not enhanced.

[2022-10-10 23:05:17 #15 type] 
Type domain.Apustua is not enhanced.

[2022-10-10 23:05:17 #16 type] 
Type domain.Admin is not enhanced.

------------------------------------------------------------------------------------------------------------------------

[2022-10-10 23:05:32 #1 store] 
Database 'C:\Users\kegia\git\IS-2_Proyecto_entrega\Bets21\src\main\resources\bets.temp' is opened by 9280@kimi

[2022-10-10 23:05:33 #2 type] 
Type domain.Team is not enhanced.

[2022-10-10 23:05:33 #3 type] 
Type domain.Event is not enhanced.

[2022-10-10 23:05:33 #4 type] 
Type domain.User is not enhanced.

[2022-10-10 23:05:33 #5 type] 
Type domain.Registered is not enhanced.

[2022-10-10 23:05:33 #6 type] 
Type domain.Sport is not enhanced.

[2022-10-10 23:05:33 #7 type] 
Type domain.Question is not enhanced.

[2022-10-10 23:05:33 #8 type] 
Type domain.Elkarrizketa is not enhanced.

[2022-10-10 23:05:33 #9 type] 
Type domain.Message is not enhanced.

[2022-10-10 23:05:33 #10 type] 
Type domain.KirolEstatistikak is not enhanced.

[2022-10-10 23:05:33 #11 type] 
Type domain.Jarraitzailea is not enhanced.

[2022-10-10 23:05:33 #12 type] 
Type domain.ApustuAnitza is not enhanced.

[2022-10-10 23:05:33 #13 type] 
Type domain.Transaction is not enhanced.

[2022-10-10 23:05:33 #14 type] 
Type domain.Quote is not enhanced.

[2022-10-10 23:05:33 #15 type] 
Type domain.Apustua is not enhanced.

[2022-10-10 23:05:33 #16 type] 
Type domain.Admin is not enhanced.

------------------------------------------------------------------------------------------------------------------------

[2022-10-10 23:08:37 #1 store] 
Database 'C:\Users\kegia\git\IS-2_Proyecto_entrega\Bets21\src\main\resources\bets.temp' is opened by 14116@kimi

[2022-10-10 23:08:37 #2 type] 
Type domain.Team is not enhanced.

[2022-10-10 23:08:37 #3 type] 
Type domain.Event is not enhanced.

[2022-10-10 23:08:37 #4 type] 
Type domain.User is not enhanced.

[2022-10-10 23:08:37 #5 type] 
Type domain.Registered is not enhanced.

[2022-10-10 23:08:37 #6 type] 
Type domain.Sport is not enhanced.

[2022-10-10 23:08:37 #7 type] 
Type domain.Question is not enhanced.

[2022-10-10 23:08:37 #8 type] 
Type domain.Elkarrizketa is not enhanced.

[2022-10-10 23:08:37 #9 type] 
Type domain.Message is not enhanced.

[2022-10-10 23:08:37 #10 type] 
Type domain.KirolEstatistikak is not enhanced.

[2022-10-10 23:08:37 #11 type] 
Type domain.Jarraitzailea is not enhanced.

[2022-10-10 23:08:37 #12 type] 
Type domain.ApustuAnitza is not enhanced.

[2022-10-10 23:08:37 #13 type] 
Type domain.Transaction is not enhanced.

[2022-10-10 23:08:37 #14 type] 
Type domain.Quote is not enhanced.

[2022-10-10 23:08:37 #15 type] 
Type domain.Apustua is not enhanced.

[2022-10-10 23:08:37 #16 type] 
Type domain.Admin is not enhanced.

------------------------------------------------------------------------------------------------------------------------

[2022-10-10 23:09:24 #1 store] 
Database 'C:\Users\kegia\git\IS-2_Proyecto_entrega\Bets21\src\main\resources\bets.temp' is opened by 11456@kimi

[2022-10-10 23:09:24 #2 type] 
Type domain.Team is not enhanced.

[2022-10-10 23:09:24 #3 type] 
Type domain.Event is not enhanced.

[2022-10-10 23:09:24 #4 type] 
Type domain.User is not enhanced.

[2022-10-10 23:09:24 #5 type] 
Type domain.Registered is not enhanced.

[2022-10-10 23:09:24 #6 type] 
Type domain.Sport is not enhanced.

[2022-10-10 23:09:24 #7 type] 
Type domain.Question is not enhanced.

[2022-10-10 23:09:24 #8 type] 
Type domain.Elkarrizketa is not enhanced.

[2022-10-10 23:09:24 #9 type] 
Type domain.Message is not enhanced.

[2022-10-10 23:09:24 #10 type] 
Type domain.KirolEstatistikak is not enhanced.

[2022-10-10 23:09:24 #11 type] 
Type domain.Jarraitzailea is not enhanced.

[2022-10-10 23:09:24 #12 type] 
Type domain.ApustuAnitza is not enhanced.

[2022-10-10 23:09:24 #13 type] 
Type domain.Transaction is not enhanced.

[2022-10-10 23:09:24 #14 type] 
Type domain.Quote is not enhanced.

[2022-10-10 23:09:24 #15 type] 
Type domain.Apustua is not enhanced.

[2022-10-10 23:09:24 #16 type] 
Type domain.Admin is not enhanced.

------------------------------------------------------------------------------------------------------------------------

[2022-10-10 23:12:40 #1 store] 
Database 'C:\Users\kegia\git\IS-2_Proyecto_entrega\Bets21\src\main\resources\bets.temp' has been recovered (tr. 72-73)

[2022-10-10 23:12:41 #2 store] 
Database 'C:\Users\kegia\git\IS-2_Proyecto_entrega\Bets21\src\main\resources\bets.temp' is opened by 15996@kimi

[2022-10-10 23:12:41 #3 type] 
Type domain.Team is not enhanced.

[2022-10-10 23:12:41 #4 type] 
Type domain.Event is not enhanced.

[2022-10-10 23:12:41 #5 type] 
Type domain.User is not enhanced.

[2022-10-10 23:12:41 #6 type] 
Type domain.Registered is not enhanced.

[2022-10-10 23:12:41 #7 type] 
Type domain.Sport is not enhanced.

[2022-10-10 23:12:41 #8 type] 
Type domain.Question is not enhanced.

[2022-10-10 23:12:41 #9 type] 
Type domain.Elkarrizketa is not enhanced.

[2022-10-10 23:12:41 #10 type] 
Type domain.Message is not enhanced.

[2022-10-10 23:12:41 #11 type] 
Type domain.KirolEstatistikak is not enhanced.

[2022-10-10 23:12:41 #12 type] 
Type domain.Jarraitzailea is not enhanced.

[2022-10-10 23:12:41 #13 type] 
Type domain.ApustuAnitza is not enhanced.

[2022-10-10 23:12:41 #14 type] 
Type domain.Transaction is not enhanced.

[2022-10-10 23:12:41 #15 type] 
Type domain.Quote is not enhanced.

[2022-10-10 23:12:41 #16 type] 
Type domain.Apustua is not enhanced.

[2022-10-10 23:12:41 #17 type] 
Type domain.Admin is not enhanced.

